#
# There is insufficient memory for the Java Runtime Environment to continue.
# Native memory allocation (mmap) failed to map 257949696 bytes for Failed to commit area from 0x000000008f600000 to 0x000000009ec00000 of length 257949696.
# Possible reasons:
#   The system is out of physical RAM or swap space
#   The process is running with CompressedOops enabled, and the Java Heap may be blocking the growth of the native heap
# Possible solutions:
#   Reduce memory load on the system
#   Increase physical memory or swap space
#   Check if swap backing store is full
#   Decrease Java heap size (-Xmx/-Xms)
#   Decrease number of Java threads
#   Decrease Java thread stack sizes (-Xss)
#   Set larger code cache with -XX:ReservedCodeCacheSize=
#   JVM is running with Unscaled Compressed Oops mode in which the Java heap is
#     placed in the first 4GB address space. The Java Heap base address is the
#     maximum limit for the native heap growth. Please use -XX:HeapBaseMinAddress
#     to set the Java Heap base and to place the Java Heap above 4GB virtual address.
# This output file may be truncated or incomplete.
#
#  Out of Memory Error (./src/hotspot/os/windows/os_windows.cpp:3386), pid=2204, tid=17108
#
# JRE version: OpenJDK Runtime Environment Microsoft-7208460 (11.0.18+10) (build 11.0.18+10-LTS)
# Java VM: OpenJDK 64-Bit Server VM Microsoft-7208460 (11.0.18+10-LTS, mixed mode, tiered, compressed oops, g1 gc, windows-amd64)
# No core dump will be written. Minidumps are not enabled by default on client versions of Windows
#

---------------  S U M M A R Y ------------

Command Line: -XX:MaxMetaspaceSize=512m --add-opens=java.base/java.util=ALL-UNNAMED --add-opens=java.base/java.lang=ALL-UNNAMED --add-opens=java.base/java.lang.invoke=ALL-UNNAMED --add-opens=java.prefs/java.util.prefs=ALL-UNNAMED --add-opens=java.base/java.nio.charset=ALL-UNNAMED --add-opens=java.base/java.net=ALL-UNNAMED --add-opens=java.base/java.util.concurrent.atomic=ALL-UNNAMED -Xmx2048m -Dfile.encoding=windows-1252 -Duser.country=IN -Duser.language=en -Duser.variant org.gradle.launcher.daemon.bootstrap.GradleDaemon 8.0.1

Host: Intel(R) Core(TM) i3-6006U CPU @ 2.00GHz, 4 cores, 5G,  Windows 10 , 64 bit Build 19041 (10.0.19041.3636)
Time: Sun Jan 28 00:58:08 2024 India Standard Time elapsed time: 2668.750570 seconds (0d 0h 44m 28s)

---------------  T H R E A D  ---------------

Current thread (0x0000023ed0138800):  VMThread "VM Thread" [stack: 0x000000a6cec00000,0x000000a6ced00000] [id=17108]

Stack: [0x000000a6cec00000,0x000000a6ced00000]
[error occurred during error reporting (printing stack bounds), id 0xc0000005, EXCEPTION_ACCESS_VIOLATION (0xc0000005) at pc=0x0000023eba09112d]

Native frames: (J=compiled Java code, j=interpreted, Vv=VM code, C=native code)
V  [jvm.dll+0x62bf8a]
V  [jvm.dll+0x7b8fb9]
V  [jvm.dll+0x7ba6a8]
V  [jvm.dll+0x7bace5]
V  [jvm.dll+0x7bac9b]
V  [jvm.dll+0x62b317]
V  [jvm.dll+0x62ba28]
C  [ntdll.dll+0xa23af]
C  [ntdll.dll+0x514b4]
C  [ntdll.dll+0xa0ebe]
C  0x0000023eba09112d

VM_Operation (0x000000a6cfdfe180): G1CollectForAllocation, mode: safepoint, requested by thread 0x0000023ed13f9800


---------------  P R O C E S S  ---------------

Threads class SMR info:
_java_thread_list=0x0000023ed2e9bda0, length=83, elements={
0x0000023eb1917800, 0x0000023ed013b000, 0x0000023ed013c000, 0x0000023ed019e000,
0x0000023ed019f000, 0x0000023ed01a0000, 0x0000023ed01a3800, 0x0000023ed01ac000,
0x0000023ed0b1b800, 0x0000023ed0c0c000, 0x0000023ed2b57000, 0x0000023ed1e11800,
0x0000023ed13f9800, 0x0000023ed0d67000, 0x0000023ed0d68000, 0x0000023ed2be9800,
0x0000023ed0d96000, 0x0000023ed0d96800, 0x0000023ed13da800, 0x0000023ed3343000,
0x0000023ed3343800, 0x0000023ed3342000, 0x0000023ed4d72800, 0x0000023ed4d76800,
0x0000023ed4d78000, 0x0000023ed4d79000, 0x0000023ed4d74000, 0x0000023ed4d75800,
0x0000023ed4d74800, 0x0000023ed4d73000, 0x0000023ed4d7b800, 0x0000023ed4d77000,
0x0000023ed4d7d000, 0x0000023ed4d7f800, 0x0000023ed4d7d800, 0x0000023ed4d7c000,
0x0000023ed4d7a800, 0x0000023ed4d7e800, 0x0000023ed4d81000, 0x0000023ed3341800,
0x0000023ed2c1e800, 0x0000023ed2c1f800, 0x0000023ed2c23000, 0x0000023ed2c22000,
0x0000023ed2c20800, 0x0000023ed2c23800, 0x0000023ed2c21000, 0x0000023ed2c1e000,
0x0000023ed2c24800, 0x0000023ed2c2b000, 0x0000023ed2c28800, 0x0000023ed2c29800,
0x0000023ed2c25000, 0x0000023ed2c2a000, 0x0000023ed2c2b800, 0x0000023ed2c26000,
0x0000023ed2c27000, 0x0000023ed2c2c800, 0x0000023ed2c27800, 0x0000023ed2241800,
0x0000023ed2244800, 0x0000023ed2244000, 0x0000023ed2245800, 0x0000023ed2243000,
0x0000023ed2247000, 0x0000023ed2242800, 0x0000023ed224d000, 0x0000023ed2249000,
0x0000023ed224c000, 0x0000023ed224d800, 0x0000023ed224b800, 0x0000023ed224e800,
0x0000023ed224f800, 0x0000023ed2249800, 0x0000023ed2250000, 0x0000023ed4d79800,
0x0000023ed3183800, 0x0000023ed3184800, 0x0000023ed3185000, 0x0000023ed3182000,
0x0000023ed3186000, 0x0000023ed3188800, 0x0000023ed3187000
}

Java Threads: ( => current thread )
  0x0000023eb1917800 JavaThread "main" [_thread_blocked, id=16008, stack(0x000000a6ce600000,0x000000a6ce700000)]
  0x0000023ed013b000 JavaThread "Reference Handler" daemon [_thread_blocked, id=1984, stack(0x000000a6ced00000,0x000000a6cee00000)]
  0x0000023ed013c000 JavaThread "Finalizer" daemon [_thread_blocked, id=16548, stack(0x000000a6cee00000,0x000000a6cef00000)]
  0x0000023ed019e000 JavaThread "Signal Dispatcher" daemon [_thread_blocked, id=13412, stack(0x000000a6cef00000,0x000000a6cf000000)]
  0x0000023ed019f000 JavaThread "Attach Listener" daemon [_thread_blocked, id=18940, stack(0x000000a6cf000000,0x000000a6cf100000)]
  0x0000023ed01a0000 JavaThread "Service Thread" daemon [_thread_blocked, id=15220, stack(0x000000a6cf100000,0x000000a6cf200000)]
  0x0000023ed01a3800 JavaThread "C2 CompilerThread0" daemon [_thread_blocked, id=14176, stack(0x000000a6cf200000,0x000000a6cf300000)]
  0x0000023ed01ac000 JavaThread "C1 CompilerThread0" daemon [_thread_blocked, id=2436, stack(0x000000a6cf300000,0x000000a6cf400000)]
  0x0000023ed0b1b800 JavaThread "Sweeper thread" daemon [_thread_blocked, id=5968, stack(0x000000a6cf400000,0x000000a6cf500000)]
  0x0000023ed0c0c000 JavaThread "Common-Cleaner" daemon [_thread_blocked, id=16060, stack(0x000000a6cf500000,0x000000a6cf600000)]
  0x0000023ed2b57000 JavaThread "Daemon health stats" [_thread_blocked, id=17488, stack(0x000000a6ce500000,0x000000a6ce600000)]
  0x0000023ed1e11800 JavaThread "Incoming local TCP Connector on port 64626" [_thread_in_native, id=19932, stack(0x000000a6cfc00000,0x000000a6cfd00000)]
  0x0000023ed13f9800 JavaThread "Daemon periodic checks" [_thread_blocked, id=19736, stack(0x000000a6cfd00000,0x000000a6cfe00000)]
  0x0000023ed0d67000 JavaThread "Daemon" [_thread_blocked, id=8060, stack(0x000000a6cfe00000,0x000000a6cff00000)]
  0x0000023ed0d68000 JavaThread "Handler for socket connection from /127.0.0.1:64626 to /127.0.0.1:64657" [_thread_in_native, id=14268, stack(0x000000a6cff00000,0x000000a6d0000000)]
  0x0000023ed2be9800 JavaThread "Cancel handler" [_thread_blocked, id=12212, stack(0x000000a6d0000000,0x000000a6d0100000)]
  0x0000023ed0d96000 JavaThread "Daemon worker" [_thread_in_native, id=18252, stack(0x000000a6d0100000,0x000000a6d0200000)]
  0x0000023ed0d96800 JavaThread "Asynchronous log dispatcher for DefaultDaemonConnection: socket connection from /127.0.0.1:64626 to /127.0.0.1:64657" [_thread_blocked, id=12048, stack(0x000000a6d0200000,0x000000a6d0300000)]
  0x0000023ed13da800 JavaThread "Daemon client event forwarder" [_thread_blocked, id=19824, stack(0x000000a6d0400000,0x000000a6d0500000)]
  0x0000023ed3343000 JavaThread "Cache worker for journal cache (C:\Users\micro\.gradle\caches\journal-1)" [_thread_blocked, id=16364, stack(0x000000a6d0700000,0x000000a6d0800000)]
  0x0000023ed3343800 JavaThread "File lock request listener" [_thread_in_native, id=14912, stack(0x000000a6d0800000,0x000000a6d0900000)]
  0x0000023ed3342000 JavaThread "Cache worker for file hash cache (C:\Users\micro\.gradle\caches\8.0.1\fileHashes)" [_thread_blocked, id=20648, stack(0x000000a6d0a00000,0x000000a6d0b00000)]
  0x0000023ed4d72800 JavaThread "File watcher server" daemon [_thread_in_native, id=21092, stack(0x000000a6d0b00000,0x000000a6d0c00000)]
  0x0000023ed4d76800 JavaThread "File watcher consumer" daemon [_thread_blocked, id=21116, stack(0x000000a6d0c00000,0x000000a6d0d00000)]
  0x0000023ed4d78000 JavaThread "Cache worker for checksums cache (F:\Owlok Technologies\Food and Delivery\apifoodA\FoodDelivery\android\.gradle\8.0.1\checksums)" [_thread_blocked, id=21260, stack(0x000000a6cfa00000,0x000000a6cfb00000)]
  0x0000023ed4d79000 JavaThread "Cache worker for cache directory md-rule (C:\Users\micro\.gradle\caches\8.0.1\md-rule)" [_thread_blocked, id=21320, stack(0x000000a6cfb00000,0x000000a6cfc00000)]
  0x0000023ed4d74000 JavaThread "Cache worker for file content cache (C:\Users\micro\.gradle\caches\8.0.1\fileContent)" [_thread_blocked, id=21392, stack(0x000000a6d0d00000,0x000000a6d0e00000)]
  0x0000023ed4d75800 JavaThread "Cache worker for file hash cache (F:\Owlok Technologies\Food and Delivery\apifoodA\FoodDelivery\android\.gradle\8.0.1\fileHashes)" [_thread_blocked, id=21456, stack(0x000000a6d0e00000,0x000000a6d0f00000)]
  0x0000023ed4d74800 JavaThread "Cache worker for cache directory md-supplier (C:\Users\micro\.gradle\caches\8.0.1\md-supplier)" [_thread_blocked, id=21500, stack(0x000000a6d0f00000,0x000000a6d1000000)]
  0x0000023ed4d73000 JavaThread "Cache worker for execution history cache (C:\Users\micro\.gradle\caches\8.0.1\executionHistory)" [_thread_blocked, id=16736, stack(0x000000a6d1000000,0x000000a6d1100000)]
  0x0000023ed4d7b800 JavaThread "jar transforms" [_thread_blocked, id=21316, stack(0x000000a6d0500000,0x000000a6d0600000)]
  0x0000023ed4d77000 JavaThread "jar transforms Thread 2" [_thread_blocked, id=20244, stack(0x000000a6d0600000,0x000000a6d0700000)]
  0x0000023ed4d7d000 JavaThread "jar transforms Thread 3" [_thread_blocked, id=22540, stack(0x000000a6d1100000,0x000000a6d1200000)]
  0x0000023ed4d7f800 JavaThread "jar transforms Thread 4" [_thread_blocked, id=22972, stack(0x000000a6d1200000,0x000000a6d1300000)]
  0x0000023ed4d7d800 JavaThread "Cache worker for kotlin-dsl (C:\Users\micro\.gradle\caches\8.0.1\kotlin-dsl)" [_thread_blocked, id=16944, stack(0x000000a6d0300000,0x000000a6d0400000)]
  0x0000023ed4d7c000 JavaThread "Cache worker for dependencies-accessors (F:\Owlok Technologies\Food and Delivery\apifoodA\FoodDelivery\android\.gradle\8.0.1\dependencies-accessors)" [_thread_blocked, id=400, stack(0x000000a6d1400000,0x000000a6d1500000)]
  0x0000023ed4d7a800 JavaThread "Cache worker for Build Output Cleanup Cache (F:\Owlok Technologies\Food and Delivery\apifoodA\FoodDelivery\node_modules\@react-native\gradle-plugin\.gradle\buildOutputCleanup)" [_thread_blocked, id=22716, stack(0x000000a6d1500000,0x000000a6d1600000)]
  0x0000023ed4d7e800 JavaThread "Unconstrained build operations" [_thread_blocked, id=21556, stack(0x000000a6d0900000,0x000000a6d0a00000)]
  0x0000023ed4d81000 JavaThread "Unconstrained build operations Thread 2" [_thread_blocked, id=22156, stack(0x000000a6d1600000,0x000000a6d1700000)]
  0x0000023ed3341800 JavaThread "Unconstrained build operations Thread 3" [_thread_blocked, id=23332, stack(0x000000a6d1700000,0x000000a6d1800000)]
  0x0000023ed2c1e800 JavaThread "Unconstrained build operations Thread 4" [_thread_blocked, id=13148, stack(0x000000a6d1800000,0x000000a6d1900000)]
  0x0000023ed2c1f800 JavaThread "Unconstrained build operations Thread 5" [_thread_blocked, id=22492, stack(0x000000a6d1900000,0x000000a6d1a00000)]
  0x0000023ed2c23000 JavaThread "Unconstrained build operations Thread 6" [_thread_blocked, id=12960, stack(0x000000a6d1a00000,0x000000a6d1b00000)]
  0x0000023ed2c22000 JavaThread "Unconstrained build operations Thread 7" [_thread_blocked, id=19324, stack(0x000000a6d1b00000,0x000000a6d1c00000)]
  0x0000023ed2c20800 JavaThread "Unconstrained build operations Thread 8" [_thread_blocked, id=23140, stack(0x000000a6d1c00000,0x000000a6d1d00000)]
  0x0000023ed2c23800 JavaThread "Unconstrained build operations Thread 9" [_thread_blocked, id=22148, stack(0x000000a6d1d00000,0x000000a6d1e00000)]
  0x0000023ed2c21000 JavaThread "Unconstrained build operations Thread 10" [_thread_blocked, id=20544, stack(0x000000a6d1e00000,0x000000a6d1f00000)]
  0x0000023ed2c1e000 JavaThread "Unconstrained build operations Thread 11" [_thread_blocked, id=21524, stack(0x000000a6d1f00000,0x000000a6d2000000)]
  0x0000023ed2c24800 JavaThread "Unconstrained build operations Thread 12" [_thread_blocked, id=16148, stack(0x000000a6d2000000,0x000000a6d2100000)]
  0x0000023ed2c2b000 JavaThread "Unconstrained build operations Thread 13" [_thread_blocked, id=13448, stack(0x000000a6d2100000,0x000000a6d2200000)]
  0x0000023ed2c28800 JavaThread "Unconstrained build operations Thread 14" [_thread_blocked, id=23236, stack(0x000000a6d2200000,0x000000a6d2300000)]
  0x0000023ed2c29800 JavaThread "Unconstrained build operations Thread 15" [_thread_blocked, id=22484, stack(0x000000a6d2300000,0x000000a6d2400000)]
  0x0000023ed2c25000 JavaThread "Unconstrained build operations Thread 16" [_thread_blocked, id=21684, stack(0x000000a6d2400000,0x000000a6d2500000)]
  0x0000023ed2c2a000 JavaThread "Unconstrained build operations Thread 17" [_thread_blocked, id=13084, stack(0x000000a6d2500000,0x000000a6d2600000)]
  0x0000023ed2c2b800 JavaThread "Unconstrained build operations Thread 18" [_thread_blocked, id=22624, stack(0x000000a6d2600000,0x000000a6d2700000)]
  0x0000023ed2c26000 JavaThread "Unconstrained build operations Thread 19" [_thread_blocked, id=6192, stack(0x000000a6d2700000,0x000000a6d2800000)]
  0x0000023ed2c27000 JavaThread "Unconstrained build operations Thread 20" [_thread_blocked, id=12372, stack(0x000000a6d2800000,0x000000a6d2900000)]
  0x0000023ed2c2c800 JavaThread "Unconstrained build operations Thread 21" [_thread_blocked, id=22780, stack(0x000000a6d2900000,0x000000a6d2a00000)]
  0x0000023ed2c27800 JavaThread "Unconstrained build operations Thread 22" [_thread_blocked, id=23408, stack(0x000000a6d2a00000,0x000000a6d2b00000)]
  0x0000023ed2241800 JavaThread "Unconstrained build operations Thread 23" [_thread_blocked, id=20708, stack(0x000000a6d2b00000,0x000000a6d2c00000)]
  0x0000023ed2244800 JavaThread "Unconstrained build operations Thread 24" [_thread_blocked, id=20744, stack(0x000000a6d2c00000,0x000000a6d2d00000)]
  0x0000023ed2244000 JavaThread "Unconstrained build operations Thread 25" [_thread_blocked, id=7100, stack(0x000000a6d2d00000,0x000000a6d2e00000)]
  0x0000023ed2245800 JavaThread "Unconstrained build operations Thread 26" [_thread_blocked, id=20012, stack(0x000000a6d2e00000,0x000000a6d2f00000)]
  0x0000023ed2243000 JavaThread "Memory manager" [_thread_blocked, id=3968, stack(0x000000a6d2f00000,0x000000a6d3000000)]
  0x0000023ed2247000 JavaThread "Cache worker for Build Output Cleanup Cache (F:\Owlok Technologies\Food and Delivery\apifoodA\FoodDelivery\android\.gradle\buildOutputCleanup)" [_thread_blocked, id=22516, stack(0x000000a6d3000000,0x000000a6d3100000)]
  0x0000023ed2242800 JavaThread "Execution worker" [_thread_blocked, id=26012, stack(0x000000a6d3200000,0x000000a6d3300000)]
  0x0000023ed224d000 JavaThread "Execution worker Thread 2" [_thread_blocked, id=24488, stack(0x000000a6d3300000,0x000000a6d3400000)]
  0x0000023ed2249000 JavaThread "Execution worker Thread 3" [_thread_blocked, id=23632, stack(0x000000a6d3400000,0x000000a6d3500000)]
  0x0000023ed224c000 JavaThread "Cache worker for execution history cache (F:\Owlok Technologies\Food and Delivery\apifoodA\FoodDelivery\node_modules\@react-native\gradle-plugin\.gradle\8.0.1\executionHistory)" [_thread_blocked, id=17116, stack(0x000000a6d3500000,0x000000a6d3600000)]
  0x0000023ed224d800 JavaThread "Unconstrained build operations Thread 27" [_thread_blocked, id=24480, stack(0x000000a6d3600000,0x000000a6d3700000)]
  0x0000023ed224b800 JavaThread "Unconstrained build operations Thread 28" [_thread_blocked, id=25796, stack(0x000000a6d3700000,0x000000a6d3800000)]
  0x0000023ed224e800 JavaThread "Unconstrained build operations Thread 29" [_thread_blocked, id=26324, stack(0x000000a6d3800000,0x000000a6d3900000)]
  0x0000023ed224f800 JavaThread "Unconstrained build operations Thread 30" [_thread_blocked, id=26544, stack(0x000000a6d3900000,0x000000a6d3a00000)]
  0x0000023ed2249800 JavaThread "Unconstrained build operations Thread 31" [_thread_blocked, id=26432, stack(0x000000a6d3a00000,0x000000a6d3b00000)]
  0x0000023ed2250000 JavaThread "Unconstrained build operations Thread 32" [_thread_blocked, id=23068, stack(0x000000a6d3b00000,0x000000a6d3c00000)]
  0x0000023ed4d79800 JavaThread "Unconstrained build operations Thread 33" [_thread_blocked, id=120, stack(0x000000a6d3c00000,0x000000a6d3d00000)]
  0x0000023ed3183800 JavaThread "Unconstrained build operations Thread 34" [_thread_blocked, id=24416, stack(0x000000a6d3d00000,0x000000a6d3e00000)]
  0x0000023ed3184800 JavaThread "Unconstrained build operations Thread 35" [_thread_blocked, id=24324, stack(0x000000a6d3e00000,0x000000a6d3f00000)]
  0x0000023ed3185000 JavaThread "Unconstrained build operations Thread 36" [_thread_blocked, id=22416, stack(0x000000a6d3f00000,0x000000a6d4000000)]
  0x0000023ed3182000 JavaThread "Unconstrained build operations Thread 37" [_thread_blocked, id=3572, stack(0x000000a6d4000000,0x000000a6d4100000)]
  0x0000023ed3186000 JavaThread "Unconstrained build operations Thread 38" [_thread_blocked, id=23548, stack(0x000000a6d4100000,0x000000a6d4200000)]
  0x0000023ed3188800 JavaThread "Unconstrained build operations Thread 39" [_thread_blocked, id=26616, stack(0x000000a6d4200000,0x000000a6d4300000)]
  0x0000023ed3187000 JavaThread "Unconstrained build operations Thread 40" [_thread_blocked, id=26384, stack(0x000000a6d4300000,0x000000a6d4400000)]

Other Threads:
=>0x0000023ed0138800 VMThread "VM Thread" [stack: 0x000000a6cec00000,0x000000a6ced00000] [id=17108]
  0x0000023ed0c4c000 WatcherThread [stack: 0x000000a6cf600000,0x000000a6cf700000] [id=10008]
  0x0000023eb1930000 GCTaskThread "GC Thread#0" [stack: 0x000000a6ce700000,0x000000a6ce800000] [id=8432]
  0x0000023ed0f57800 GCTaskThread "GC Thread#1" [stack: 0x000000a6cf700000,0x000000a6cf800000] [id=19764]
  0x0000023ed218c800 GCTaskThread "GC Thread#2" [stack: 0x000000a6cf800000,0x000000a6cf900000] [id=3712]
  0x0000023ed23f9000 GCTaskThread "GC Thread#3" [stack: 0x000000a6cf900000,0x000000a6cfa00000] [id=7256]
  0x0000023eb1961800 ConcurrentGCThread "G1 Main Marker" [stack: 0x000000a6ce800000,0x000000a6ce900000] [id=13136]
  0x0000023eb1962800 ConcurrentGCThread "G1 Conc#0" [stack: 0x000000a6ce900000,0x000000a6cea00000] [id=13604]
  0x0000023eb19d5000 ConcurrentGCThread "G1 Refine#0" [stack: 0x000000a6cea00000,0x000000a6ceb00000] [id=17032]
  0x0000023ed1002800 ConcurrentGCThread "G1 Refine#1" [stack: 0x000000a6ce400000,0x000000a6ce500000] [id=988]
  0x0000023eb19d6000 ConcurrentGCThread "G1 Young RemSet Sampling" [stack: 0x000000a6ceb00000,0x000000a6cec00000] [id=4240]

Threads with active compile tasks:

VM state:at safepoint (normal execution)

VM Mutex/Monitor currently owned by a thread:  ([mutex/lock_event])
[0x0000023eb1914820] Threads_lock - owner thread: 0x0000023ed0138800
[0x0000023eb1913d70] Heap_lock - owner thread: 0x0000023ed13f9800

Heap address: 0x0000000080000000, size: 2048 MB, Compressed Oops mode: 32-bit
Narrow klass base: 0x0000000000000000, Narrow klass shift: 3
Compressed class space size: 528482304 Address: 0x0000000100000000

Heap:
 garbage-first heap   total 503808K, used 84106K [0x0000000080000000, 0x0000000100000000)
  region size 1024K, 1 young (1024K), 1 survivors (1024K)
 Metaspace       used 85740K, capacity 88135K, committed 88144K, reserved 593920K
  class space    used 10990K, capacity 12029K, committed 12032K, reserved 516096K
Heap Regions: E=young(eden), S=young(survivor), O=old, HS=humongous(starts), HC=humongous(continues), CS=collection set, F=free, A=archive, TAMS=top-at-mark-start (previous, next)
|   0|0x0000000080000000, 0x0000000080100000, 0x0000000080100000|100%| O|  |TAMS 0x0000000080100000, 0x0000000080000000| Untracked 
|   1|0x0000000080100000, 0x0000000080200000, 0x0000000080200000|100%| O|  |TAMS 0x0000000080200000, 0x0000000080100000| Untracked 
|   2|0x0000000080200000, 0x0000000080300000, 0x0000000080300000|100%| O|  |TAMS 0x0000000080300000, 0x0000000080200000| Untracked 
|   3|0x0000000080300000, 0x0000000080400000, 0x0000000080400000|100%|HS|  |TAMS 0x0000000080400000, 0x0000000080300000| Complete 
|   4|0x0000000080400000, 0x0000000080500000, 0x0000000080500000|100%|HC|  |TAMS 0x0000000080500000, 0x0000000080400000| Complete 
|   5|0x0000000080500000, 0x0000000080600000, 0x0000000080600000|100%|HC|  |TAMS 0x0000000080600000, 0x0000000080500000| Complete 
|   6|0x0000000080600000, 0x0000000080700000, 0x0000000080700000|100%|HC|  |TAMS 0x0000000080700000, 0x0000000080600000| Complete 
|   7|0x0000000080700000, 0x0000000080800000, 0x0000000080800000|100%| O|  |TAMS 0x0000000080800000, 0x0000000080700000| Untracked 
|   8|0x0000000080800000, 0x0000000080900000, 0x0000000080900000|100%| O|  |TAMS 0x0000000080900000, 0x0000000080800000| Untracked 
|   9|0x0000000080900000, 0x0000000080a00000, 0x0000000080a00000|100%| O|  |TAMS 0x0000000080a00000, 0x0000000080900000| Untracked 
|  10|0x0000000080a00000, 0x0000000080b00000, 0x0000000080b00000|100%| O|  |TAMS 0x0000000080b00000, 0x0000000080a00000| Untracked 
|  11|0x0000000080b00000, 0x0000000080c00000, 0x0000000080c00000|100%| O|  |TAMS 0x0000000080c00000, 0x0000000080b00000| Untracked 
|  12|0x0000000080c00000, 0x0000000080d00000, 0x0000000080d00000|100%| O|  |TAMS 0x0000000080d00000, 0x0000000080c00000| Untracked 
|  13|0x0000000080d00000, 0x0000000080e00000, 0x0000000080e00000|100%| O|  |TAMS 0x0000000080e00000, 0x0000000080d00000| Untracked 
|  14|0x0000000080e00000, 0x0000000080f00000, 0x0000000080f00000|100%| O|  |TAMS 0x0000000080f00000, 0x0000000080e00000| Untracked 
|  15|0x0000000080f00000, 0x0000000081000000, 0x0000000081000000|100%| O|  |TAMS 0x0000000081000000, 0x0000000080f00000| Untracked 
|  16|0x0000000081000000, 0x0000000081100000, 0x0000000081100000|100%| O|  |TAMS 0x0000000081100000, 0x0000000081000000| Untracked 
|  17|0x0000000081100000, 0x0000000081200000, 0x0000000081200000|100%| O|  |TAMS 0x0000000081200000, 0x0000000081100000| Untracked 
|  18|0x0000000081200000, 0x0000000081300000, 0x0000000081300000|100%| O|  |TAMS 0x0000000081300000, 0x0000000081200000| Untracked 
|  19|0x0000000081300000, 0x0000000081400000, 0x0000000081400000|100%| O|  |TAMS 0x0000000081400000, 0x0000000081300000| Untracked 
|  20|0x0000000081400000, 0x0000000081500000, 0x0000000081500000|100%| O|  |TAMS 0x0000000081500000, 0x0000000081400000| Untracked 
|  21|0x0000000081500000, 0x0000000081600000, 0x0000000081600000|100%| O|  |TAMS 0x0000000081600000, 0x0000000081500000| Untracked 
|  22|0x0000000081600000, 0x0000000081700000, 0x0000000081700000|100%| O|  |TAMS 0x0000000081700000, 0x0000000081600000| Untracked 
|  23|0x0000000081700000, 0x0000000081800000, 0x0000000081800000|100%| O|  |TAMS 0x0000000081800000, 0x0000000081700000| Untracked 
|  24|0x0000000081800000, 0x0000000081900000, 0x0000000081900000|100%| O|  |TAMS 0x0000000081900000, 0x0000000081800000| Untracked 
|  25|0x0000000081900000, 0x0000000081a00000, 0x0000000081a00000|100%| O|  |TAMS 0x0000000081a00000, 0x0000000081900000| Untracked 
|  26|0x0000000081a00000, 0x0000000081b00000, 0x0000000081b00000|100%| O|  |TAMS 0x0000000081b00000, 0x0000000081a00000| Untracked 
|  27|0x0000000081b00000, 0x0000000081c00000, 0x0000000081c00000|100%| O|  |TAMS 0x0000000081c00000, 0x0000000081b00000| Untracked 
|  28|0x0000000081c00000, 0x0000000081d00000, 0x0000000081d00000|100%| O|  |TAMS 0x0000000081d00000, 0x0000000081c00000| Untracked 
|  29|0x0000000081d00000, 0x0000000081e00000, 0x0000000081e00000|100%| O|  |TAMS 0x0000000081e00000, 0x0000000081d00000| Untracked 
|  30|0x0000000081e00000, 0x0000000081f00000, 0x0000000081f00000|100%| O|  |TAMS 0x0000000081f00000, 0x0000000081e00000| Untracked 
|  31|0x0000000081f00000, 0x0000000082000000, 0x0000000082000000|100%| O|  |TAMS 0x0000000082000000, 0x0000000081f00000| Untracked 
|  32|0x0000000082000000, 0x0000000082100000, 0x0000000082100000|100%|HS|  |TAMS 0x0000000082100000, 0x0000000082000000| Complete 
|  33|0x0000000082100000, 0x0000000082200000, 0x0000000082200000|100%|HC|  |TAMS 0x0000000082200000, 0x0000000082100000| Complete 
|  34|0x0000000082200000, 0x0000000082300000, 0x0000000082300000|100%|HS|  |TAMS 0x0000000082300000, 0x0000000082200000| Complete 
|  35|0x0000000082300000, 0x0000000082400000, 0x0000000082400000|100%|HC|  |TAMS 0x0000000082400000, 0x0000000082300000| Complete 
|  36|0x0000000082400000, 0x0000000082500000, 0x0000000082500000|100%|HC|  |TAMS 0x0000000082500000, 0x0000000082400000| Complete 
|  37|0x0000000082500000, 0x0000000082600000, 0x0000000082600000|100%|HC|  |TAMS 0x0000000082600000, 0x0000000082500000| Complete 
|  38|0x0000000082600000, 0x0000000082700000, 0x0000000082700000|100%| O|  |TAMS 0x0000000082700000, 0x0000000082600000| Untracked 
|  39|0x0000000082700000, 0x0000000082800000, 0x0000000082800000|100%| O|  |TAMS 0x0000000082800000, 0x0000000082700000| Untracked 
|  40|0x0000000082800000, 0x0000000082900000, 0x0000000082900000|100%| O|  |TAMS 0x0000000082900000, 0x0000000082800000| Untracked 
|  41|0x0000000082900000, 0x0000000082a00000, 0x0000000082a00000|100%| O|  |TAMS 0x0000000082a00000, 0x0000000082900000| Untracked 
|  42|0x0000000082a00000, 0x0000000082b00000, 0x0000000082b00000|100%| O|  |TAMS 0x0000000082b00000, 0x0000000082a00000| Untracked 
|  43|0x0000000082b00000, 0x0000000082c00000, 0x0000000082c00000|100%| O|  |TAMS 0x0000000082c00000, 0x0000000082b00000| Untracked 
|  44|0x0000000082c00000, 0x0000000082d00000, 0x0000000082d00000|100%| O|  |TAMS 0x0000000082d00000, 0x0000000082c00000| Untracked 
|  45|0x0000000082d00000, 0x0000000082e00000, 0x0000000082e00000|100%| O|  |TAMS 0x0000000082e00000, 0x0000000082d00000| Untracked 
|  46|0x0000000082e00000, 0x0000000082f00000, 0x0000000082f00000|100%| O|  |TAMS 0x0000000082f00000, 0x0000000082e00000| Untracked 
|  47|0x0000000082f00000, 0x0000000083000000, 0x0000000083000000|100%| O|  |TAMS 0x0000000083000000, 0x0000000082f00000| Untracked 
|  48|0x0000000083000000, 0x0000000083100000, 0x0000000083100000|100%| O|  |TAMS 0x0000000083100000, 0x0000000083000000| Untracked 
|  49|0x0000000083100000, 0x0000000083200000, 0x0000000083200000|100%| O|  |TAMS 0x0000000083200000, 0x0000000083100000| Untracked 
|  50|0x0000000083200000, 0x0000000083300000, 0x0000000083300000|100%| O|  |TAMS 0x0000000083300000, 0x0000000083200000| Untracked 
|  51|0x0000000083300000, 0x0000000083400000, 0x0000000083400000|100%| O|  |TAMS 0x0000000083400000, 0x0000000083300000| Untracked 
|  52|0x0000000083400000, 0x0000000083500000, 0x0000000083500000|100%| O|  |TAMS 0x0000000083500000, 0x0000000083400000| Untracked 
|  53|0x0000000083500000, 0x0000000083600000, 0x0000000083600000|100%| O|  |TAMS 0x0000000083600000, 0x0000000083500000| Untracked 
|  54|0x0000000083600000, 0x0000000083700000, 0x0000000083700000|100%| O|  |TAMS 0x0000000083700000, 0x0000000083600000| Untracked 
|  55|0x0000000083700000, 0x0000000083800000, 0x0000000083800000|100%| O|  |TAMS 0x0000000083800000, 0x0000000083700000| Untracked 
|  56|0x0000000083800000, 0x0000000083900000, 0x0000000083900000|100%| O|  |TAMS 0x0000000083900000, 0x0000000083800000| Untracked 
|  57|0x0000000083900000, 0x0000000083a00000, 0x0000000083a00000|100%| O|  |TAMS 0x0000000083a00000, 0x0000000083900000| Untracked 
|  58|0x0000000083a00000, 0x0000000083b00000, 0x0000000083b00000|100%| O|  |TAMS 0x0000000083b00000, 0x0000000083a00000| Untracked 
|  59|0x0000000083b00000, 0x0000000083c00000, 0x0000000083c00000|100%| O|  |TAMS 0x0000000083c00000, 0x0000000083b00000| Untracked 
|  60|0x0000000083c00000, 0x0000000083d00000, 0x0000000083d00000|100%| O|  |TAMS 0x0000000083d00000, 0x0000000083c00000| Untracked 
|  61|0x0000000083d00000, 0x0000000083e00000, 0x0000000083e00000|100%| O|  |TAMS 0x0000000083d4d800, 0x0000000083d00000| Untracked 
|  62|0x0000000083e00000, 0x0000000083f00000, 0x0000000083f00000|100%| O|  |TAMS 0x0000000083e00000, 0x0000000083e00000| Untracked 
|  63|0x0000000083f00000, 0x0000000084000000, 0x0000000084000000|100%| O|  |TAMS 0x0000000084000000, 0x0000000083f00000| Untracked 
|  64|0x0000000084000000, 0x0000000084100000, 0x0000000084100000|100%|HS|  |TAMS 0x0000000084100000, 0x0000000084000000| Complete 
|  65|0x0000000084100000, 0x0000000084200000, 0x0000000084200000|100%|HS|  |TAMS 0x0000000084200000, 0x0000000084100000| Complete 
|  66|0x0000000084200000, 0x0000000084300000, 0x0000000084300000|100%| O|  |TAMS 0x0000000084300000, 0x0000000084200000| Untracked 
|  67|0x0000000084300000, 0x0000000084400000, 0x0000000084400000|100%| O|  |TAMS 0x0000000084400000, 0x0000000084300000| Untracked 
|  68|0x0000000084400000, 0x0000000084500000, 0x0000000084500000|100%| O|  |TAMS 0x0000000084500000, 0x0000000084400000| Untracked 
|  69|0x0000000084500000, 0x0000000084600000, 0x0000000084600000|100%| O|  |TAMS 0x0000000084600000, 0x0000000084500000| Untracked 
|  70|0x0000000084600000, 0x0000000084700000, 0x0000000084700000|100%| O|  |TAMS 0x0000000084700000, 0x0000000084600000| Untracked 
|  71|0x0000000084700000, 0x0000000084800000, 0x0000000084800000|100%| O|  |TAMS 0x0000000084700000, 0x0000000084700000| Untracked 
|  72|0x0000000084800000, 0x0000000084900000, 0x0000000084900000|100%| O|  |TAMS 0x0000000084800000, 0x0000000084800000| Untracked 
|  73|0x0000000084900000, 0x0000000084a00000, 0x0000000084a00000|100%| O|  |TAMS 0x0000000084a00000, 0x0000000084900000| Untracked 
|  74|0x0000000084a00000, 0x0000000084b00000, 0x0000000084b00000|100%| O|  |TAMS 0x0000000084a00000, 0x0000000084a00000| Untracked 
|  75|0x0000000084b00000, 0x0000000084b22c00, 0x0000000084c00000| 13%| O|  |TAMS 0x0000000084b00000, 0x0000000084b00000| Untracked 
|  76|0x0000000084c00000, 0x0000000084d00000, 0x0000000084d00000|100%| O|  |TAMS 0x0000000084d00000, 0x0000000084c00000| Untracked 
|  77|0x0000000084d00000, 0x0000000084e00000, 0x0000000084e00000|100%| O|  |TAMS 0x0000000084e00000, 0x0000000084d00000| Untracked 
|  78|0x0000000084e00000, 0x0000000084f00000, 0x0000000084f00000|100%| O|  |TAMS 0x0000000084f00000, 0x0000000084e00000| Untracked 
|  79|0x0000000084f00000, 0x0000000084f00000, 0x0000000085000000|  0%| F|  |TAMS 0x0000000084f00000, 0x0000000084f00000| Untracked 
|  80|0x0000000085000000, 0x0000000085100000, 0x0000000085100000|100%| O|  |TAMS 0x0000000085100000, 0x0000000085000000| Untracked 
|  81|0x0000000085100000, 0x0000000085200000, 0x0000000085200000|100%| O|  |TAMS 0x0000000085200000, 0x0000000085100000| Untracked 
|  82|0x0000000085200000, 0x0000000085300000, 0x0000000085300000|100%| O|  |TAMS 0x0000000085300000, 0x0000000085200000| Untracked 
|  83|0x0000000085300000, 0x0000000085300000, 0x0000000085400000|  0%| F|  |TAMS 0x0000000085300000, 0x0000000085300000| Untracked 
|  84|0x0000000085400000, 0x0000000085400000, 0x0000000085500000|  0%| F|  |TAMS 0x0000000085400000, 0x0000000085400000| Untracked 
|  85|0x0000000085500000, 0x0000000085500000, 0x0000000085600000|  0%| F|  |TAMS 0x0000000085500000, 0x0000000085500000| Untracked 
|  86|0x0000000085600000, 0x0000000085600000, 0x0000000085700000|  0%| F|  |TAMS 0x0000000085600000, 0x0000000085600000| Untracked 
|  87|0x0000000085700000, 0x0000000085700000, 0x0000000085800000|  0%| F|  |TAMS 0x0000000085700000, 0x0000000085700000| Untracked 
|  88|0x0000000085800000, 0x0000000085800000, 0x0000000085900000|  0%| F|  |TAMS 0x0000000085800000, 0x0000000085800000| Untracked 
|  89|0x0000000085900000, 0x0000000085900000, 0x0000000085a00000|  0%| F|  |TAMS 0x0000000085900000, 0x0000000085900000| Untracked 
|  90|0x0000000085a00000, 0x0000000085a00000, 0x0000000085b00000|  0%| F|  |TAMS 0x0000000085a00000, 0x0000000085a00000| Untracked 
|  91|0x0000000085b00000, 0x0000000085b00000, 0x0000000085c00000|  0%| F|  |TAMS 0x0000000085b00000, 0x0000000085b00000| Untracked 
|  92|0x0000000085c00000, 0x0000000085c00000, 0x0000000085d00000|  0%| F|  |TAMS 0x0000000085c00000, 0x0000000085c00000| Untracked 
|  93|0x0000000085d00000, 0x0000000085d00000, 0x0000000085e00000|  0%| F|  |TAMS 0x0000000085d00000, 0x0000000085d00000| Untracked 
|  94|0x0000000085e00000, 0x0000000085e00000, 0x0000000085f00000|  0%| F|  |TAMS 0x0000000085e00000, 0x0000000085e00000| Untracked 
|  95|0x0000000085f00000, 0x0000000085f00000, 0x0000000086000000|  0%| F|  |TAMS 0x0000000085f00000, 0x0000000085f00000| Untracked 
|  96|0x0000000086000000, 0x0000000086000000, 0x0000000086100000|  0%| F|  |TAMS 0x0000000086000000, 0x0000000086000000| Untracked 
|  97|0x0000000086100000, 0x0000000086100000, 0x0000000086200000|  0%| F|  |TAMS 0x0000000086100000, 0x0000000086100000| Untracked 
|  98|0x0000000086200000, 0x0000000086200000, 0x0000000086300000|  0%| F|  |TAMS 0x0000000086200000, 0x0000000086200000| Untracked 
|  99|0x0000000086300000, 0x0000000086300000, 0x0000000086400000|  0%| F|  |TAMS 0x0000000086300000, 0x0000000086300000| Untracked 
| 100|0x0000000086400000, 0x0000000086400000, 0x0000000086500000|  0%| F|  |TAMS 0x0000000086400000, 0x0000000086400000| Untracked 
| 101|0x0000000086500000, 0x0000000086500000, 0x0000000086600000|  0%| F|  |TAMS 0x0000000086500000, 0x0000000086500000| Untracked 
| 102|0x0000000086600000, 0x0000000086600000, 0x0000000086700000|  0%| F|  |TAMS 0x0000000086600000, 0x0000000086600000| Untracked 
| 103|0x0000000086700000, 0x0000000086700000, 0x0000000086800000|  0%| F|  |TAMS 0x0000000086700000, 0x0000000086700000| Untracked 
| 104|0x0000000086800000, 0x0000000086800000, 0x0000000086900000|  0%| F|  |TAMS 0x0000000086800000, 0x0000000086800000| Untracked 
| 105|0x0000000086900000, 0x0000000086900000, 0x0000000086a00000|  0%| F|  |TAMS 0x0000000086900000, 0x0000000086900000| Untracked 
| 106|0x0000000086a00000, 0x0000000086a00000, 0x0000000086b00000|  0%| F|  |TAMS 0x0000000086a00000, 0x0000000086a00000| Untracked 
| 107|0x0000000086b00000, 0x0000000086b00000, 0x0000000086c00000|  0%| F|  |TAMS 0x0000000086b00000, 0x0000000086b00000| Untracked 
| 108|0x0000000086c00000, 0x0000000086c00000, 0x0000000086d00000|  0%| F|  |TAMS 0x0000000086c00000, 0x0000000086c00000| Untracked 
| 109|0x0000000086d00000, 0x0000000086d00000, 0x0000000086e00000|  0%| F|  |TAMS 0x0000000086d00000, 0x0000000086d00000| Untracked 
| 110|0x0000000086e00000, 0x0000000086e00000, 0x0000000086f00000|  0%| F|  |TAMS 0x0000000086e00000, 0x0000000086e00000| Untracked 
| 111|0x0000000086f00000, 0x0000000086f00000, 0x0000000087000000|  0%| F|  |TAMS 0x0000000086f00000, 0x0000000086f00000| Untracked 
| 112|0x0000000087000000, 0x0000000087000000, 0x0000000087100000|  0%| F|  |TAMS 0x0000000087000000, 0x0000000087000000| Untracked 
| 113|0x0000000087100000, 0x0000000087100000, 0x0000000087200000|  0%| F|  |TAMS 0x0000000087100000, 0x0000000087100000| Untracked 
| 114|0x0000000087200000, 0x0000000087200000, 0x0000000087300000|  0%| F|  |TAMS 0x0000000087200000, 0x0000000087200000| Untracked 
| 115|0x0000000087300000, 0x0000000087300000, 0x0000000087400000|  0%| F|  |TAMS 0x0000000087300000, 0x0000000087300000| Untracked 
| 116|0x0000000087400000, 0x0000000087400000, 0x0000000087500000|  0%| F|  |TAMS 0x0000000087400000, 0x0000000087400000| Untracked 
| 117|0x0000000087500000, 0x0000000087500000, 0x0000000087600000|  0%| F|  |TAMS 0x0000000087500000, 0x0000000087500000| Untracked 
| 118|0x0000000087600000, 0x0000000087600000, 0x0000000087700000|  0%| F|  |TAMS 0x0000000087600000, 0x0000000087600000| Untracked 
| 119|0x0000000087700000, 0x0000000087700000, 0x0000000087800000|  0%| F|  |TAMS 0x0000000087700000, 0x0000000087700000| Untracked 
| 120|0x0000000087800000, 0x0000000087800000, 0x0000000087900000|  0%| F|  |TAMS 0x0000000087800000, 0x0000000087800000| Untracked 
| 121|0x0000000087900000, 0x0000000087900000, 0x0000000087a00000|  0%| F|  |TAMS 0x0000000087900000, 0x0000000087900000| Untracked 
| 122|0x0000000087a00000, 0x0000000087a00000, 0x0000000087b00000|  0%| F|  |TAMS 0x0000000087a00000, 0x0000000087a00000| Untracked 
| 123|0x0000000087b00000, 0x0000000087b00000, 0x0000000087c00000|  0%| F|  |TAMS 0x0000000087b00000, 0x0000000087b00000| Untracked 
| 124|0x0000000087c00000, 0x0000000087c00000, 0x0000000087d00000|  0%| F|  |TAMS 0x0000000087c00000, 0x0000000087c00000| Untracked 
| 125|0x0000000087d00000, 0x0000000087d00000, 0x0000000087e00000|  0%| F|  |TAMS 0x0000000087d00000, 0x0000000087d00000| Untracked 
| 126|0x0000000087e00000, 0x0000000087e00000, 0x0000000087f00000|  0%| F|  |TAMS 0x0000000087e00000, 0x0000000087e00000| Untracked 
| 127|0x0000000087f00000, 0x0000000087f00000, 0x0000000088000000|  0%| F|  |TAMS 0x0000000087f00000, 0x0000000087f00000| Untracked 
| 128|0x0000000088000000, 0x0000000088000000, 0x0000000088100000|  0%| F|  |TAMS 0x0000000088000000, 0x0000000088000000| Untracked 
| 129|0x0000000088100000, 0x0000000088100000, 0x0000000088200000|  0%| F|  |TAMS 0x0000000088100000, 0x0000000088100000| Untracked 
| 130|0x0000000088200000, 0x0000000088200000, 0x0000000088300000|  0%| F|  |TAMS 0x0000000088200000, 0x0000000088200000| Untracked 
| 131|0x0000000088300000, 0x0000000088300000, 0x0000000088400000|  0%| F|  |TAMS 0x0000000088300000, 0x0000000088300000| Untracked 
| 132|0x0000000088400000, 0x0000000088400000, 0x0000000088500000|  0%| F|  |TAMS 0x0000000088400000, 0x0000000088400000| Untracked 
| 133|0x0000000088500000, 0x0000000088500000, 0x0000000088600000|  0%| F|  |TAMS 0x0000000088500000, 0x0000000088500000| Untracked 
| 134|0x0000000088600000, 0x0000000088600000, 0x0000000088700000|  0%| F|  |TAMS 0x0000000088600000, 0x0000000088600000| Untracked 
| 135|0x0000000088700000, 0x0000000088700000, 0x0000000088800000|  0%| F|  |TAMS 0x0000000088700000, 0x0000000088700000| Untracked 
| 136|0x0000000088800000, 0x0000000088800000, 0x0000000088900000|  0%| F|  |TAMS 0x0000000088800000, 0x0000000088800000| Untracked 
| 137|0x0000000088900000, 0x0000000088900000, 0x0000000088a00000|  0%| F|  |TAMS 0x0000000088900000, 0x0000000088900000| Untracked 
| 138|0x0000000088a00000, 0x0000000088a00000, 0x0000000088b00000|  0%| F|  |TAMS 0x0000000088a00000, 0x0000000088a00000| Untracked 
| 139|0x0000000088b00000, 0x0000000088b00000, 0x0000000088c00000|  0%| F|  |TAMS 0x0000000088b00000, 0x0000000088b00000| Untracked 
| 140|0x0000000088c00000, 0x0000000088c00000, 0x0000000088d00000|  0%| F|  |TAMS 0x0000000088c00000, 0x0000000088c00000| Untracked 
| 141|0x0000000088d00000, 0x0000000088d00000, 0x0000000088e00000|  0%| F|  |TAMS 0x0000000088d00000, 0x0000000088d00000| Untracked 
| 142|0x0000000088e00000, 0x0000000088e00000, 0x0000000088f00000|  0%| F|  |TAMS 0x0000000088e00000, 0x0000000088e00000| Untracked 
| 143|0x0000000088f00000, 0x0000000088f00000, 0x0000000089000000|  0%| F|  |TAMS 0x0000000088f00000, 0x0000000088f00000| Untracked 
| 144|0x0000000089000000, 0x0000000089000000, 0x0000000089100000|  0%| F|  |TAMS 0x0000000089000000, 0x0000000089000000| Untracked 
| 145|0x0000000089100000, 0x0000000089100000, 0x0000000089200000|  0%| F|  |TAMS 0x0000000089100000, 0x0000000089100000| Untracked 
| 146|0x0000000089200000, 0x0000000089200000, 0x0000000089300000|  0%| F|  |TAMS 0x0000000089200000, 0x0000000089200000| Untracked 
| 147|0x0000000089300000, 0x0000000089300000, 0x0000000089400000|  0%| F|  |TAMS 0x0000000089300000, 0x0000000089300000| Untracked 
| 148|0x0000000089400000, 0x0000000089400000, 0x0000000089500000|  0%| F|  |TAMS 0x0000000089400000, 0x0000000089400000| Untracked 
| 149|0x0000000089500000, 0x0000000089500000, 0x0000000089600000|  0%| F|  |TAMS 0x0000000089500000, 0x0000000089500000| Untracked 
| 150|0x0000000089600000, 0x0000000089600000, 0x0000000089700000|  0%| F|  |TAMS 0x0000000089600000, 0x0000000089600000| Untracked 
| 151|0x0000000089700000, 0x0000000089700000, 0x0000000089800000|  0%| F|  |TAMS 0x0000000089700000, 0x0000000089700000| Untracked 
| 152|0x0000000089800000, 0x0000000089800000, 0x0000000089900000|  0%| F|  |TAMS 0x0000000089800000, 0x0000000089800000| Untracked 
| 153|0x0000000089900000, 0x0000000089900000, 0x0000000089a00000|  0%| F|  |TAMS 0x0000000089900000, 0x0000000089900000| Untracked 
| 154|0x0000000089a00000, 0x0000000089a00000, 0x0000000089b00000|  0%| F|  |TAMS 0x0000000089a00000, 0x0000000089a00000| Untracked 
| 155|0x0000000089b00000, 0x0000000089b00000, 0x0000000089c00000|  0%| F|  |TAMS 0x0000000089b00000, 0x0000000089b00000| Untracked 
| 156|0x0000000089c00000, 0x0000000089c00000, 0x0000000089d00000|  0%| F|  |TAMS 0x0000000089c00000, 0x0000000089c00000| Untracked 
| 157|0x0000000089d00000, 0x0000000089d00000, 0x0000000089e00000|  0%| F|  |TAMS 0x0000000089d00000, 0x0000000089d00000| Untracked 
| 158|0x0000000089e00000, 0x0000000089e00000, 0x0000000089f00000|  0%| F|  |TAMS 0x0000000089e00000, 0x0000000089e00000| Untracked 
| 159|0x0000000089f00000, 0x0000000089f00000, 0x000000008a000000|  0%| F|  |TAMS 0x0000000089f00000, 0x0000000089f00000| Untracked 
| 160|0x000000008a000000, 0x000000008a000000, 0x000000008a100000|  0%| F|  |TAMS 0x000000008a000000, 0x000000008a000000| Untracked 
| 161|0x000000008a100000, 0x000000008a100000, 0x000000008a200000|  0%| F|  |TAMS 0x000000008a100000, 0x000000008a100000| Untracked 
| 162|0x000000008a200000, 0x000000008a200000, 0x000000008a300000|  0%| F|  |TAMS 0x000000008a200000, 0x000000008a200000| Untracked 
| 163|0x000000008a300000, 0x000000008a300000, 0x000000008a400000|  0%| F|  |TAMS 0x000000008a300000, 0x000000008a300000| Untracked 
| 164|0x000000008a400000, 0x000000008a400000, 0x000000008a500000|  0%| F|  |TAMS 0x000000008a400000, 0x000000008a400000| Untracked 
| 165|0x000000008a500000, 0x000000008a500000, 0x000000008a600000|  0%| F|  |TAMS 0x000000008a500000, 0x000000008a500000| Untracked 
| 166|0x000000008a600000, 0x000000008a600000, 0x000000008a700000|  0%| F|  |TAMS 0x000000008a600000, 0x000000008a600000| Untracked 
| 167|0x000000008a700000, 0x000000008a700000, 0x000000008a800000|  0%| F|  |TAMS 0x000000008a700000, 0x000000008a700000| Untracked 
| 168|0x000000008a800000, 0x000000008a800000, 0x000000008a900000|  0%| F|  |TAMS 0x000000008a800000, 0x000000008a800000| Untracked 
| 169|0x000000008a900000, 0x000000008a900000, 0x000000008aa00000|  0%| F|  |TAMS 0x000000008a900000, 0x000000008a900000| Untracked 
| 170|0x000000008aa00000, 0x000000008aa00000, 0x000000008ab00000|  0%| F|  |TAMS 0x000000008aa00000, 0x000000008aa00000| Untracked 
| 171|0x000000008ab00000, 0x000000008ab00000, 0x000000008ac00000|  0%| F|  |TAMS 0x000000008ab00000, 0x000000008ab00000| Untracked 
| 172|0x000000008ac00000, 0x000000008ac00000, 0x000000008ad00000|  0%| F|  |TAMS 0x000000008ac00000, 0x000000008ac00000| Untracked 
| 173|0x000000008ad00000, 0x000000008ad00000, 0x000000008ae00000|  0%| F|  |TAMS 0x000000008ad00000, 0x000000008ad00000| Untracked 
| 174|0x000000008ae00000, 0x000000008ae00000, 0x000000008af00000|  0%| F|  |TAMS 0x000000008ae00000, 0x000000008ae00000| Untracked 
| 175|0x000000008af00000, 0x000000008af00000, 0x000000008b000000|  0%| F|  |TAMS 0x000000008af00000, 0x000000008af00000| Untracked 
| 176|0x000000008b000000, 0x000000008b000000, 0x000000008b100000|  0%| F|  |TAMS 0x000000008b000000, 0x000000008b000000| Untracked 
| 177|0x000000008b100000, 0x000000008b100000, 0x000000008b200000|  0%| F|  |TAMS 0x000000008b100000, 0x000000008b100000| Untracked 
| 178|0x000000008b200000, 0x000000008b200000, 0x000000008b300000|  0%| F|  |TAMS 0x000000008b200000, 0x000000008b200000| Untracked 
| 179|0x000000008b300000, 0x000000008b300000, 0x000000008b400000|  0%| F|  |TAMS 0x000000008b300000, 0x000000008b300000| Untracked 
| 180|0x000000008b400000, 0x000000008b400000, 0x000000008b500000|  0%| F|  |TAMS 0x000000008b400000, 0x000000008b400000| Untracked 
| 181|0x000000008b500000, 0x000000008b500000, 0x000000008b600000|  0%| F|  |TAMS 0x000000008b500000, 0x000000008b500000| Untracked 
| 182|0x000000008b600000, 0x000000008b600000, 0x000000008b700000|  0%| F|  |TAMS 0x000000008b600000, 0x000000008b600000| Untracked 
| 183|0x000000008b700000, 0x000000008b700000, 0x000000008b800000|  0%| F|  |TAMS 0x000000008b700000, 0x000000008b700000| Untracked 
| 184|0x000000008b800000, 0x000000008b800000, 0x000000008b900000|  0%| F|  |TAMS 0x000000008b800000, 0x000000008b800000| Untracked 
| 185|0x000000008b900000, 0x000000008b900000, 0x000000008ba00000|  0%| F|  |TAMS 0x000000008b900000, 0x000000008b900000| Untracked 
| 186|0x000000008ba00000, 0x000000008ba00000, 0x000000008bb00000|  0%| F|  |TAMS 0x000000008ba00000, 0x000000008ba00000| Untracked 
| 187|0x000000008bb00000, 0x000000008bb00000, 0x000000008bc00000|  0%| F|  |TAMS 0x000000008bb00000, 0x000000008bb00000| Untracked 
| 188|0x000000008bc00000, 0x000000008bc00000, 0x000000008bd00000|  0%| F|  |TAMS 0x000000008bc00000, 0x000000008bc00000| Untracked 
| 189|0x000000008bd00000, 0x000000008bd00000, 0x000000008be00000|  0%| F|  |TAMS 0x000000008bd00000, 0x000000008bd00000| Untracked 
| 190|0x000000008be00000, 0x000000008be00000, 0x000000008bf00000|  0%| F|  |TAMS 0x000000008be00000, 0x000000008be00000| Untracked 
| 191|0x000000008bf00000, 0x000000008bf00000, 0x000000008c000000|  0%| F|  |TAMS 0x000000008bf00000, 0x000000008bf00000| Untracked 
| 192|0x000000008c000000, 0x000000008c000000, 0x000000008c100000|  0%| F|  |TAMS 0x000000008c000000, 0x000000008c000000| Untracked 
| 193|0x000000008c100000, 0x000000008c100000, 0x000000008c200000|  0%| F|  |TAMS 0x000000008c100000, 0x000000008c100000| Untracked 
| 194|0x000000008c200000, 0x000000008c200000, 0x000000008c300000|  0%| F|  |TAMS 0x000000008c200000, 0x000000008c200000| Untracked 
| 195|0x000000008c300000, 0x000000008c300000, 0x000000008c400000|  0%| F|  |TAMS 0x000000008c300000, 0x000000008c300000| Untracked 
| 196|0x000000008c400000, 0x000000008c400000, 0x000000008c500000|  0%| F|  |TAMS 0x000000008c400000, 0x000000008c400000| Untracked 
| 197|0x000000008c500000, 0x000000008c500000, 0x000000008c600000|  0%| F|  |TAMS 0x000000008c500000, 0x000000008c500000| Untracked 
| 198|0x000000008c600000, 0x000000008c600000, 0x000000008c700000|  0%| F|  |TAMS 0x000000008c600000, 0x000000008c600000| Untracked 
| 199|0x000000008c700000, 0x000000008c700000, 0x000000008c800000|  0%| F|  |TAMS 0x000000008c700000, 0x000000008c700000| Untracked 
| 200|0x000000008c800000, 0x000000008c800000, 0x000000008c900000|  0%| F|  |TAMS 0x000000008c800000, 0x000000008c800000| Untracked 
| 201|0x000000008c900000, 0x000000008c900000, 0x000000008ca00000|  0%| F|  |TAMS 0x000000008c900000, 0x000000008c900000| Untracked 
| 202|0x000000008ca00000, 0x000000008ca00000, 0x000000008cb00000|  0%| F|  |TAMS 0x000000008ca00000, 0x000000008ca00000| Untracked 
| 203|0x000000008cb00000, 0x000000008cb00000, 0x000000008cc00000|  0%| F|  |TAMS 0x000000008cb00000, 0x000000008cb00000| Untracked 
| 204|0x000000008cc00000, 0x000000008cc00000, 0x000000008cd00000|  0%| F|  |TAMS 0x000000008cc00000, 0x000000008cc00000| Untracked 
| 205|0x000000008cd00000, 0x000000008cd00000, 0x000000008ce00000|  0%| F|  |TAMS 0x000000008cd00000, 0x000000008cd00000| Untracked 
| 206|0x000000008ce00000, 0x000000008ce00000, 0x000000008cf00000|  0%| F|  |TAMS 0x000000008ce00000, 0x000000008ce00000| Untracked 
| 207|0x000000008cf00000, 0x000000008cf00000, 0x000000008d000000|  0%| F|  |TAMS 0x000000008cf00000, 0x000000008cf00000| Untracked 
| 208|0x000000008d000000, 0x000000008d000000, 0x000000008d100000|  0%| F|  |TAMS 0x000000008d000000, 0x000000008d000000| Untracked 
| 209|0x000000008d100000, 0x000000008d100000, 0x000000008d200000|  0%| F|  |TAMS 0x000000008d100000, 0x000000008d100000| Untracked 
| 210|0x000000008d200000, 0x000000008d200000, 0x000000008d300000|  0%| F|  |TAMS 0x000000008d200000, 0x000000008d200000| Untracked 
| 211|0x000000008d300000, 0x000000008d300000, 0x000000008d400000|  0%| F|  |TAMS 0x000000008d300000, 0x000000008d300000| Untracked 
| 212|0x000000008d400000, 0x000000008d400000, 0x000000008d500000|  0%| F|  |TAMS 0x000000008d400000, 0x000000008d400000| Untracked 
| 213|0x000000008d500000, 0x000000008d500000, 0x000000008d600000|  0%| F|  |TAMS 0x000000008d500000, 0x000000008d500000| Untracked 
| 214|0x000000008d600000, 0x000000008d600000, 0x000000008d700000|  0%| F|  |TAMS 0x000000008d600000, 0x000000008d600000| Untracked 
| 215|0x000000008d700000, 0x000000008d700000, 0x000000008d800000|  0%| F|  |TAMS 0x000000008d700000, 0x000000008d700000| Untracked 
| 216|0x000000008d800000, 0x000000008d800000, 0x000000008d900000|  0%| F|  |TAMS 0x000000008d800000, 0x000000008d800000| Untracked 
| 217|0x000000008d900000, 0x000000008d900000, 0x000000008da00000|  0%| F|  |TAMS 0x000000008d900000, 0x000000008d900000| Untracked 
| 218|0x000000008da00000, 0x000000008da00000, 0x000000008db00000|  0%| F|  |TAMS 0x000000008da00000, 0x000000008da00000| Untracked 
| 219|0x000000008db00000, 0x000000008db00000, 0x000000008dc00000|  0%| F|  |TAMS 0x000000008db00000, 0x000000008db00000| Untracked 
| 220|0x000000008dc00000, 0x000000008dc00000, 0x000000008dd00000|  0%| F|  |TAMS 0x000000008dc00000, 0x000000008dc00000| Untracked 
| 221|0x000000008dd00000, 0x000000008dd00000, 0x000000008de00000|  0%| F|  |TAMS 0x000000008dd00000, 0x000000008dd00000| Untracked 
| 222|0x000000008de00000, 0x000000008de00000, 0x000000008df00000|  0%| F|  |TAMS 0x000000008de00000, 0x000000008de00000| Untracked 
| 223|0x000000008df00000, 0x000000008df00000, 0x000000008e000000|  0%| F|  |TAMS 0x000000008df00000, 0x000000008df00000| Untracked 
| 224|0x000000008e000000, 0x000000008e000000, 0x000000008e100000|  0%| F|  |TAMS 0x000000008e000000, 0x000000008e000000| Untracked 
| 225|0x000000008e100000, 0x000000008e100000, 0x000000008e200000|  0%| F|  |TAMS 0x000000008e100000, 0x000000008e100000| Untracked 
| 226|0x000000008e200000, 0x000000008e200000, 0x000000008e300000|  0%| F|  |TAMS 0x000000008e200000, 0x000000008e200000| Untracked 
| 227|0x000000008e300000, 0x000000008e300000, 0x000000008e400000|  0%| F|  |TAMS 0x000000008e300000, 0x000000008e300000| Untracked 
| 228|0x000000008e400000, 0x000000008e400000, 0x000000008e500000|  0%| F|  |TAMS 0x000000008e400000, 0x000000008e400000| Untracked 
| 229|0x000000008e500000, 0x000000008e500000, 0x000000008e600000|  0%| F|  |TAMS 0x000000008e500000, 0x000000008e500000| Untracked 
| 230|0x000000008e600000, 0x000000008e600000, 0x000000008e700000|  0%| F|  |TAMS 0x000000008e600000, 0x000000008e600000| Untracked 
| 231|0x000000008e700000, 0x000000008e700000, 0x000000008e800000|  0%| F|  |TAMS 0x000000008e700000, 0x000000008e700000| Untracked 
| 232|0x000000008e800000, 0x000000008e800000, 0x000000008e900000|  0%| F|  |TAMS 0x000000008e800000, 0x000000008e800000| Untracked 
| 233|0x000000008e900000, 0x000000008e9ffec0, 0x000000008ea00000| 99%| S|CS|TAMS 0x000000008e900000, 0x000000008e900000| Complete 
| 234|0x000000008ea00000, 0x000000008ea00000, 0x000000008eb00000|  0%| F|  |TAMS 0x000000008ea00000, 0x000000008ea00000| Untracked 
| 235|0x000000008eb00000, 0x000000008eb00000, 0x000000008ec00000|  0%| F|  |TAMS 0x000000008eb00000, 0x000000008eb00000| Untracked 
| 236|0x000000008ec00000, 0x000000008ec00000, 0x000000008ed00000|  0%| F|  |TAMS 0x000000008ec00000, 0x000000008ec00000| Untracked 
| 237|0x000000008ed00000, 0x000000008ed00000, 0x000000008ee00000|  0%| F|  |TAMS 0x000000008ed00000, 0x000000008ed00000| Untracked 
| 238|0x000000008ee00000, 0x000000008ee00000, 0x000000008ef00000|  0%| F|  |TAMS 0x000000008ee00000, 0x000000008ee00000| Untracked 
| 239|0x000000008ef00000, 0x000000008ef00000, 0x000000008f000000|  0%| F|  |TAMS 0x000000008ef00000, 0x000000008ef00000| Untracked 
| 240|0x000000008f000000, 0x000000008f000000, 0x000000008f100000|  0%| F|  |TAMS 0x000000008f000000, 0x000000008f000000| Untracked 
| 241|0x000000008f100000, 0x000000008f100000, 0x000000008f200000|  0%| F|  |TAMS 0x000000008f100000, 0x000000008f100000| Untracked 
| 242|0x000000008f200000, 0x000000008f200000, 0x000000008f300000|  0%| F|  |TAMS 0x000000008f200000, 0x000000008f200000| Untracked 
| 243|0x000000008f300000, 0x000000008f300000, 0x000000008f400000|  0%| F|  |TAMS 0x000000008f300000, 0x000000008f300000| Untracked 
| 244|0x000000008f400000, 0x000000008f400000, 0x000000008f500000|  0%| F|  |TAMS 0x000000008f400000, 0x000000008f400000| Untracked 
| 245|0x000000008f500000, 0x000000008f500000, 0x000000008f600000|  0%| F|  |TAMS 0x000000008f500000, 0x000000008f500000| Untracked 

Card table byte_map: [0x0000023ec9490000,0x0000023ec9890000] _byte_map_base: 0x0000023ec9090000

Marking Bits (Prev, Next): (CMBitMap*) 0x0000023eb1958858, (CMBitMap*) 0x0000023eb1958890
 Prev Bits: [0x0000023ec9c90000, 0x0000023ecbc90000)
 Next Bits: [0x0000023ecbc90000, 0x0000023ecdc90000)

Polling page: 0x0000023eaf760000

Metaspace:

Usage:
  Non-class:     74.32 MB capacity,    73.00 MB ( 98%) used,     1.06 MB (  1%) free+waste,   268.44 KB ( <1%) overhead. 
      Class:     11.75 MB capacity,    10.73 MB ( 91%) used,   911.63 KB (  8%) free+waste,   126.56 KB (  1%) overhead. 
       Both:     86.07 MB capacity,    83.73 MB ( 97%) used,     1.95 MB (  2%) free+waste,   395.00 KB ( <1%) overhead. 

Virtual space:
  Non-class space:       76.00 MB reserved,      74.33 MB ( 98%) committed 
      Class space:      504.00 MB reserved,      11.75 MB (  2%) committed 
             Both:      580.00 MB reserved,      86.08 MB ( 15%) committed 

Chunk freelists:
   Non-Class:  6.00 KB
       Class:  3.00 KB
        Both:  9.00 KB

MaxMetaspaceSize: 512.00 MB
CompressedClassSpaceSize: 504.00 MB
Initial GC threshold: 20.80 MB
Current GC threshold: 143.46 MB
CDS: off

CodeHeap 'non-profiled nmethods': size=120064Kb used=6976Kb max_used=6976Kb free=113087Kb
 bounds [0x0000023ec1b50000, 0x0000023ec2230000, 0x0000023ec9090000]
CodeHeap 'profiled nmethods': size=120000Kb used=23236Kb max_used=23236Kb free=96763Kb
 bounds [0x0000023eba620000, 0x0000023ebbce0000, 0x0000023ec1b50000]
CodeHeap 'non-nmethods': size=5696Kb used=2387Kb max_used=2445Kb free=3309Kb
 bounds [0x0000023eba090000, 0x0000023eba300000, 0x0000023eba620000]
 total_blobs=11264 nmethods=10352 adapters=824
 compilation: enabled
              stopped_count=0, restarted_count=0
 full_count=0

Compilation events (20 events):
Event: 2523.537 Thread 0x0000023ed01ac000 10480       1       org.gradle.process.internal.health.memory.DefaultMemoryManager::access$600 (5 bytes)
Event: 2523.541 Thread 0x0000023ed01ac000 nmethod 10480 0x0000023ec221eb10 code [0x0000023ec221ecc0, 0x0000023ec221ed58]
Event: 2523.542 Thread 0x0000023ed01ac000 10473   !   3       org.gradle.process.internal.health.memory.DefaultMemoryManager$MemoryCheck::run (82 bytes)
Event: 2523.604 Thread 0x0000023ed01ac000 nmethod 10473 0x0000023ebbccd110 code [0x0000023ebbccd460, 0x0000023ebbcce998]
Event: 2534.527 Thread 0x0000023ed01a3800 10481       4       java.util.stream.Collectors$$Lambda$61/0x0000000100139040::get (8 bytes)
Event: 2534.532 Thread 0x0000023ed01a3800 nmethod 10481 0x0000023ec221ee10 code [0x0000023ec221efc0, 0x0000023ec221f118]
Event: 2539.483 Thread 0x0000023ed01a3800 10482       4       java.util.Spliterator::getExactSizeIfKnown (25 bytes)
Event: 2539.485 Thread 0x0000023ed01a3800 nmethod 10482 0x0000023ec221f210 code [0x0000023ec221f3a0, 0x0000023ec221f458]
Event: 2544.477 Thread 0x0000023ed01ac000 10483       3       org.gradle.internal.time.TimeSource$1::currentTimeMillis (4 bytes)
Event: 2544.492 Thread 0x0000023ed01ac000 nmethod 10483 0x0000023ebbccf490 code [0x0000023ebbccf640, 0x0000023ebbccf758]
Event: 2548.329 Thread 0x0000023ed01ac000 10487       1       org.gradle.launcher.daemon.server.CompatibleDaemonExpirationStrategy::access$000 (5 bytes)
Event: 2548.329 Thread 0x0000023ed01a3800 10484       4       org.gradle.launcher.daemon.registry.PersistentDaemonRegistry$1::isSatisfiedBy (9 bytes)
Event: 2548.511 Thread 0x0000023ed01ac000 nmethod 10487 0x0000023ec221f510 code [0x0000023ec221f6c0, 0x0000023ec221f758]
Event: 2548.614 Thread 0x0000023ed01a3800 nmethod 10484 0x0000023ec221f810 code [0x0000023ec221f9a0, 0x0000023ec221fa38]
Event: 2593.336 Thread 0x0000023ed01ac000 10488   !   3       jdk.internal.reflect.GeneratedMethodAccessor28::invoke (66 bytes)
Event: 2593.355 Thread 0x0000023ed01ac000 nmethod 10488 0x0000023ebbccf810 code [0x0000023ebbccfa60, 0x0000023ebbcd0188]
Event: 2593.355 Thread 0x0000023ed01ac000 10489   !   3       jdk.internal.reflect.GeneratedMethodAccessor29::invoke (66 bytes)
Event: 2593.358 Thread 0x0000023ed01ac000 nmethod 10489 0x0000023ebbcd0510 code [0x0000023ebbcd0760, 0x0000023ebbcd0e88]
Event: 2659.251 Thread 0x0000023ed01a3800 10490       4       java.util.regex.Pattern$GroupTail::match (111 bytes)
Event: 2659.307 Thread 0x0000023ed01a3800 nmethod 10490 0x0000023ec221fb10 code [0x0000023ec221fcc0, 0x0000023ec221fe98]

GC Heap History (20 events):
Event: 2327.047 GC heap after
{Heap after GC invocations=95 (full 0):
 garbage-first heap   total 174080K, used 84173K [0x0000000080000000, 0x0000000100000000)
  region size 1024K, 1 young (1024K), 1 survivors (1024K)
 Metaspace       used 82886K, capacity 85242K, committed 85456K, reserved 591872K
  class space    used 10569K, capacity 11541K, committed 11648K, reserved 516096K
}
Event: 2329.457 GC heap before
{Heap before GC invocations=96 (full 0):
 garbage-first heap   total 174080K, used 86221K [0x0000000080000000, 0x0000000100000000)
  region size 1024K, 9 young (9216K), 1 survivors (1024K)
 Metaspace       used 83559K, capacity 85949K, committed 86096K, reserved 591872K
  class space    used 10685K, capacity 11670K, committed 11776K, reserved 516096K
}
Event: 2329.464 GC heap after
{Heap after GC invocations=97 (full 0):
 garbage-first heap   total 174080K, used 79367K [0x0000000080000000, 0x0000000100000000)
  region size 1024K, 2 young (2048K), 2 survivors (2048K)
 Metaspace       used 83559K, capacity 85949K, committed 86096K, reserved 591872K
  class space    used 10685K, capacity 11670K, committed 11776K, reserved 516096K
}
Event: 2332.008 GC heap before
{Heap before GC invocations=97 (full 0):
 garbage-first heap   total 174080K, used 84487K [0x0000000080000000, 0x0000000100000000)
  region size 1024K, 8 young (8192K), 2 survivors (2048K)
 Metaspace       used 84253K, capacity 86595K, committed 86864K, reserved 591872K
  class space    used 10763K, capacity 11735K, committed 11776K, reserved 516096K
}
Event: 2332.067 GC heap after
{Heap after GC invocations=98 (full 0):
 garbage-first heap   total 174080K, used 78945K [0x0000000080000000, 0x0000000100000000)
  region size 1024K, 1 young (1024K), 1 survivors (1024K)
 Metaspace       used 84253K, capacity 86595K, committed 86864K, reserved 591872K
  class space    used 10763K, capacity 11735K, committed 11776K, reserved 516096K
}
Event: 2332.069 GC heap before
{Heap before GC invocations=98 (full 0):
 garbage-first heap   total 174080K, used 78945K [0x0000000080000000, 0x0000000100000000)
  region size 1024K, 2 young (2048K), 1 survivors (1024K)
 Metaspace       used 84254K, capacity 86595K, committed 86864K, reserved 591872K
  class space    used 10763K, capacity 11735K, committed 11776K, reserved 516096K
}
Event: 2332.073 GC heap after
{Heap after GC invocations=99 (full 0):
 garbage-first heap   total 174080K, used 79099K [0x0000000080000000, 0x0000000100000000)
  region size 1024K, 1 young (1024K), 1 survivors (1024K)
 Metaspace       used 84254K, capacity 86595K, committed 86864K, reserved 591872K
  class space    used 10763K, capacity 11735K, committed 11776K, reserved 516096K
}
Event: 2335.535 GC heap before
{Heap before GC invocations=100 (full 0):
 garbage-first heap   total 174080K, used 90363K [0x0000000080000000, 0x0000000100000000)
  region size 1024K, 11 young (11264K), 1 survivors (1024K)
 Metaspace       used 85151K, capacity 87529K, committed 87760K, reserved 593920K
  class space    used 10891K, capacity 11871K, committed 11904K, reserved 516096K
}
Event: 2335.647 GC heap after
{Heap after GC invocations=101 (full 0):
 garbage-first heap   total 174080K, used 79140K [0x0000000080000000, 0x0000000100000000)
  region size 1024K, 1 young (1024K), 1 survivors (1024K)
 Metaspace       used 85151K, capacity 87529K, committed 87760K, reserved 593920K
  class space    used 10891K, capacity 11871K, committed 11904K, reserved 516096K
}
Event: 2342.677 GC heap before
{Heap before GC invocations=101 (full 0):
 garbage-first heap   total 174080K, used 90404K [0x0000000080000000, 0x0000000100000000)
  region size 1024K, 12 young (12288K), 1 survivors (1024K)
 Metaspace       used 85435K, capacity 87851K, committed 88144K, reserved 593920K
  class space    used 10944K, capacity 11956K, committed 12032K, reserved 516096K
}
Event: 2343.265 GC heap after
{Heap after GC invocations=102 (full 0):
 garbage-first heap   total 251904K, used 80182K [0x0000000080000000, 0x0000000100000000)
  region size 1024K, 2 young (2048K), 2 survivors (2048K)
 Metaspace       used 85435K, capacity 87851K, committed 88144K, reserved 593920K
  class space    used 10944K, capacity 11956K, committed 12032K, reserved 516096K
}
Event: 2345.193 GC heap before
{Heap before GC invocations=103 (full 0):
 garbage-first heap   total 251904K, used 90422K [0x0000000080000000, 0x0000000100000000)
  region size 1024K, 12 young (12288K), 2 survivors (2048K)
 Metaspace       used 85574K, capacity 88031K, committed 88144K, reserved 593920K
  class space    used 10975K, capacity 11996K, committed 12032K, reserved 516096K
}
Event: 2345.396 GC heap after
{Heap after GC invocations=104 (full 0):
 garbage-first heap   total 251904K, used 81342K [0x0000000080000000, 0x0000000100000000)
  region size 1024K, 2 young (2048K), 2 survivors (2048K)
 Metaspace       used 85574K, capacity 88031K, committed 88144K, reserved 593920K
  class space    used 10975K, capacity 11996K, committed 12032K, reserved 516096K
}
Event: 2345.675 GC heap before
{Heap before GC invocations=104 (full 0):
 garbage-first heap   total 251904K, used 91582K [0x0000000080000000, 0x0000000100000000)
  region size 1024K, 12 young (12288K), 2 survivors (2048K)
 Metaspace       used 85583K, capacity 88031K, committed 88144K, reserved 593920K
  class space    used 10976K, capacity 11996K, committed 12032K, reserved 516096K
}
Event: 2345.761 GC heap after
{Heap after GC invocations=105 (full 0):
 garbage-first heap   total 251904K, used 82213K [0x0000000080000000, 0x0000000100000000)
  region size 1024K, 1 young (1024K), 1 survivors (1024K)
 Metaspace       used 85583K, capacity 88031K, committed 88144K, reserved 593920K
  class space    used 10976K, capacity 11996K, committed 12032K, reserved 516096K
}
Event: 2346.398 GC heap before
{Heap before GC invocations=105 (full 0):
 garbage-first heap   total 251904K, used 93477K [0x0000000080000000, 0x0000000100000000)
  region size 1024K, 12 young (12288K), 1 survivors (1024K)
 Metaspace       used 85681K, capacity 88128K, committed 88144K, reserved 593920K
  class space    used 10985K, capacity 12028K, committed 12032K, reserved 516096K
}
Event: 2346.403 GC heap after
{Heap after GC invocations=106 (full 0):
 garbage-first heap   total 251904K, used 83199K [0x0000000080000000, 0x0000000100000000)
  region size 1024K, 2 young (2048K), 2 survivors (2048K)
 Metaspace       used 85681K, capacity 88128K, committed 88144K, reserved 593920K
  class space    used 10985K, capacity 12028K, committed 12032K, reserved 516096K
}
Event: 2346.605 GC heap before
{Heap before GC invocations=106 (full 0):
 garbage-first heap   total 251904K, used 93439K [0x0000000080000000, 0x0000000100000000)
  region size 1024K, 12 young (12288K), 2 survivors (2048K)
 Metaspace       used 85716K, capacity 88134K, committed 88144K, reserved 593920K
  class space    used 10989K, capacity 12029K, committed 12032K, reserved 516096K
}
Event: 2347.054 GC heap after
{Heap after GC invocations=107 (full 0):
 garbage-first heap   total 251904K, used 83998K [0x0000000080000000, 0x0000000100000000)
  region size 1024K, 1 young (1024K), 1 survivors (1024K)
 Metaspace       used 85716K, capacity 88134K, committed 88144K, reserved 593920K
  class space    used 10989K, capacity 12029K, committed 12032K, reserved 516096K
}
Event: 2668.232 GC heap before
{Heap before GC invocations=107 (full 0):
 garbage-first heap   total 251904K, used 95262K [0x0000000080000000, 0x0000000100000000)
  region size 1024K, 12 young (12288K), 1 survivors (1024K)
 Metaspace       used 85740K, capacity 88135K, committed 88144K, reserved 593920K
  class space    used 10990K, capacity 12029K, committed 12032K, reserved 516096K
}

Deoptimization events (20 events):
Event: 2345.546 Thread 0x0000023ed0d96000 Uncommon trap: trap_request=0xfffffff4 fr.pc=0x0000023ec1e8df6c relative=0x00000000000009cc
Event: 2345.547 Thread 0x0000023ed0d96000 Uncommon trap: reason=null_check action=make_not_entrant pc=0x0000023ec1e8df6c method=com.sun.beans.introspect.MethodInfo$MethodOrder.compare(Ljava/lang/reflect/Method;Ljava/lang/reflect/Method;)I @ 133 c2
Event: 2345.547 Thread 0x0000023ed0d96000 DEOPT PACKING pc=0x0000023ec1e8df6c sp=0x000000a6d01f2f90
Event: 2345.547 Thread 0x0000023ed0d96000 DEOPT UNPACKING pc=0x0000023eba0da1af sp=0x000000a6d01f2ec0 mode 2
Event: 2345.547 Thread 0x0000023ed0d96000 Uncommon trap: trap_request=0xfffffff4 fr.pc=0x0000023ec1e8f7a0 relative=0x0000000000000980
Event: 2345.547 Thread 0x0000023ed0d96000 Uncommon trap: reason=null_check action=make_not_entrant pc=0x0000023ec1e8f7a0 method=com.sun.beans.introspect.MethodInfo$MethodOrder.compare(Ljava/lang/reflect/Method;Ljava/lang/reflect/Method;)I @ 133 c2
Event: 2345.547 Thread 0x0000023ed0d96000 DEOPT PACKING pc=0x0000023ec1e8f7a0 sp=0x000000a6d01f2ee0
Event: 2345.547 Thread 0x0000023ed0d96000 DEOPT UNPACKING pc=0x0000023eba0da1af sp=0x000000a6d01f2e98 mode 2
Event: 2346.178 Thread 0x0000023ed0d96000 DEOPT PACKING pc=0x0000023ebb49b770 sp=0x000000a6d01f5530
Event: 2346.178 Thread 0x0000023ed0d96000 DEOPT UNPACKING pc=0x0000023eba0da95e sp=0x000000a6d01f4a10 mode 0
Event: 2346.333 Thread 0x0000023ed0d96000 Uncommon trap: trap_request=0xfffffff4 fr.pc=0x0000023ec21e79e0 relative=0x0000000000000ac0
Event: 2346.333 Thread 0x0000023ed0d96000 Uncommon trap: reason=null_check action=make_not_entrant pc=0x0000023ec21e79e0 method=com.sun.beans.introspect.MethodInfo$MethodOrder.compare(Ljava/lang/reflect/Method;Ljava/lang/reflect/Method;)I @ 145 c2
Event: 2346.333 Thread 0x0000023ed0d96000 DEOPT PACKING pc=0x0000023ec21e79e0 sp=0x000000a6d01f1a70
Event: 2346.333 Thread 0x0000023ed0d96000 DEOPT UNPACKING pc=0x0000023eba0da1af sp=0x000000a6d01f1a10 mode 2
Event: 2346.389 Thread 0x0000023ed0d96000 Uncommon trap: trap_request=0xfffffff4 fr.pc=0x0000023ec21eb8e8 relative=0x0000000000003088
Event: 2346.389 Thread 0x0000023ed0d96000 Uncommon trap: reason=null_check action=make_not_entrant pc=0x0000023ec21eb8e8 method=java.lang.PublicMethods$MethodList.getMostSpecific()Ljava/lang/reflect/Method; @ 41 c2
Event: 2346.389 Thread 0x0000023ed0d96000 DEOPT PACKING pc=0x0000023ec21eb8e8 sp=0x000000a6d01f25f0
Event: 2346.389 Thread 0x0000023ed0d96000 DEOPT UNPACKING pc=0x0000023eba0da1af sp=0x000000a6d01f24f0 mode 2
Event: 2358.563 Thread 0x0000023ed13f9800 DEOPT PACKING pc=0x0000023ebb73af31 sp=0x000000a6cfdfe6e0
Event: 2358.972 Thread 0x0000023ed13f9800 DEOPT UNPACKING pc=0x0000023eba0da95e sp=0x000000a6cfdfdba8 mode 0

Classes redefined (0 events):
No events

Internal exceptions (20 events):
Event: 2346.437 Thread 0x0000023ed0d96000 Exception <a 'java/lang/ClassNotFoundException'{0x000000008f157e30}: com/android/build/gradle/internal/dsl/BuildType$AgpDecorated_DecoratedBeanInfo> (0x000000008f157e30) thrown at [./src/hotspot/share/classfile/systemDictionary.cpp, line 230]
Event: 2346.438 Thread 0x0000023ed0d96000 Exception <a 'java/lang/ClassNotFoundException'{0x000000008f174778}: com/android/build/gradle/internal/dsl/BuildType$AgpDecoratedBeanInfo> (0x000000008f174778) thrown at [./src/hotspot/share/classfile/systemDictionary.cpp, line 230]
Event: 2346.439 Thread 0x0000023ed0d96000 Exception <a 'java/lang/ClassNotFoundException'{0x000000008f18e9f8}: com/android/build/gradle/internal/dsl/BuildTypeBeanInfo> (0x000000008f18e9f8) thrown at [./src/hotspot/share/classfile/systemDictionary.cpp, line 230]
Event: 2346.440 Thread 0x0000023ed0d96000 Exception <a 'java/lang/ClassNotFoundException'{0x000000008f1a81c8}: com/android/builder/core/AbstractBuildTypeBeanInfo> (0x000000008f1a81c8) thrown at [./src/hotspot/share/classfile/systemDictionary.cpp, line 230]
Event: 2346.440 Thread 0x0000023ed0d96000 Exception <a 'java/lang/ClassNotFoundException'{0x000000008f1c1ed0}: com/android/builder/core/AbstractBuildTypeCustomizer> (0x000000008f1c1ed0) thrown at [./src/hotspot/share/classfile/systemDictionary.cpp, line 230]
Event: 2346.442 Thread 0x0000023ed0d96000 Exception <a 'java/lang/ClassNotFoundException'{0x000000008f1f8910}: com/android/build/gradle/internal/dsl/BuildTypeCustomizer> (0x000000008f1f8910) thrown at [./src/hotspot/share/classfile/systemDictionary.cpp, line 230]
Event: 2346.446 Thread 0x0000023ed0d96000 Exception <a 'java/lang/ClassNotFoundException'{0x000000008f08d350}: com/android/build/gradle/internal/dsl/BuildType$AgpDecoratedCustomizer> (0x000000008f08d350) thrown at [./src/hotspot/share/classfile/systemDictionary.cpp, line 230]
Event: 2346.449 Thread 0x0000023ed0d96000 Exception <a 'java/lang/ClassNotFoundException'{0x000000008f0ecb88}: com/android/build/gradle/internal/dsl/BuildType$AgpDecorated_DecoratedCustomizer> (0x000000008f0ecb88) thrown at [./src/hotspot/share/classfile/systemDictionary.cpp, line 230]
Event: 2346.465 Thread 0x0000023ed0d96000 Exception <a 'java/lang/ClassNotFoundException'{0x000000008efde838}: build_cvzwbqv9grzfyn0hmj2ou71bb$_run_closure2$_closure7BeanInfo> (0x000000008efde838) thrown at [./src/hotspot/share/classfile/systemDictionary.cpp, line 230]
Event: 2346.465 Thread 0x0000023ed0d96000 Exception <a 'java/lang/ClassNotFoundException'{0x000000008efefcb8}: build_cvzwbqv9grzfyn0hmj2ou71bb$_run_closure2$_closure7Customizer> (0x000000008efefcb8) thrown at [./src/hotspot/share/classfile/systemDictionary.cpp, line 230]
Event: 2346.537 Thread 0x0000023ed0d96000 Exception <a 'java/lang/ClassNotFoundException'{0x000000008ed27cc0}: org/gradle/api/internal/artifacts/dependencies/DefaultExternalModuleDependency_DecoratedBeanInfo> (0x000000008ed27cc0) thrown at [./src/hotspot/share/classfile/systemDictionary.cpp, line 230]
Event: 2346.539 Thread 0x0000023ed0d96000 Exception <a 'java/lang/ClassNotFoundException'{0x000000008ed742d0}: org/gradle/api/internal/artifacts/dependencies/DefaultExternalModuleDependencyBeanInfo> (0x000000008ed742d0) thrown at [./src/hotspot/share/classfile/systemDictionary.cpp, line 230]
Event: 2346.541 Thread 0x0000023ed0d96000 Exception <a 'java/lang/ClassNotFoundException'{0x000000008edc0858}: org/gradle/api/internal/artifacts/dependencies/AbstractExternalModuleDependencyBeanInfo> (0x000000008edc0858) thrown at [./src/hotspot/share/classfile/systemDictionary.cpp, line 230]
Event: 2346.597 Thread 0x0000023ed0d96000 Exception <a 'java/lang/ClassNotFoundException'{0x000000008edfaed8}: org/gradle/api/internal/artifacts/dependencies/AbstractModuleDependencyBeanInfo> (0x000000008edfaed8) thrown at [./src/hotspot/share/classfile/systemDictionary.cpp, line 230]
Event: 2346.599 Thread 0x0000023ed0d96000 Exception <a 'java/lang/ClassNotFoundException'{0x000000008ec332b8}: org/gradle/api/internal/artifacts/dependencies/AbstractDependencyBeanInfo> (0x000000008ec332b8) thrown at [./src/hotspot/share/classfile/systemDictionary.cpp, line 230]
Event: 2346.601 Thread 0x0000023ed0d96000 Exception <a 'java/lang/ClassNotFoundException'{0x000000008ec6d130}: org/gradle/api/internal/artifacts/dependencies/AbstractDependencyCustomizer> (0x000000008ec6d130) thrown at [./src/hotspot/share/classfile/systemDictionary.cpp, line 230]
Event: 2346.602 Thread 0x0000023ed0d96000 Exception <a 'java/lang/ClassNotFoundException'{0x000000008ecaadc8}: org/gradle/api/internal/artifacts/dependencies/AbstractModuleDependencyCustomizer> (0x000000008ecaadc8) thrown at [./src/hotspot/share/classfile/systemDictionary.cpp, line 230]
Event: 2347.056 Thread 0x0000023ed0d96000 Exception <a 'java/lang/ClassNotFoundException'{0x000000008f513070}: org/gradle/api/internal/artifacts/dependencies/AbstractExternalModuleDependencyCustomizer> (0x000000008f513070) thrown at [./src/hotspot/share/classfile/systemDictionary.cpp, line 230]
Event: 2347.059 Thread 0x0000023ed0d96000 Exception <a 'java/lang/ClassNotFoundException'{0x000000008f56f838}: org/gradle/api/internal/artifacts/dependencies/DefaultExternalModuleDependencyCustomizer> (0x000000008f56f838) thrown at [./src/hotspot/share/classfile/systemDictionary.cpp, line 230]
Event: 2347.060 Thread 0x0000023ed0d96000 Exception <a 'java/lang/ClassNotFoundException'{0x000000008f5cc198}: org/gradle/api/internal/artifacts/dependencies/DefaultExternalModuleDependency_DecoratedCustomizer> (0x000000008f5cc198) thrown at [./src/hotspot/share/classfile/systemDictionary.cpp, line 230]

Events (20 events):
Event: 2347.057 loading class org/gradle/api/internal/artifacts/dependencies/DefaultExternalModuleDependencyCustomizer done
Event: 2347.057 loading class org/gradle/api/internal/artifacts/dependencies/DefaultExternalModuleDependencyCustomizer
Event: 2347.057 loading class org/gradle/api/internal/artifacts/dependencies/DefaultExternalModuleDependencyCustomizer done
Event: 2347.058 loading class org/gradle/api/internal/artifacts/dependencies/DefaultExternalModuleDependencyCustomizer
Event: 2347.058 loading class org/gradle/api/internal/artifacts/dependencies/DefaultExternalModuleDependencyCustomizer done
Event: 2347.059 loading class org/gradle/api/internal/artifacts/dependencies/DefaultExternalModuleDependencyCustomizer
Event: 2347.059 loading class org/gradle/api/internal/artifacts/dependencies/DefaultExternalModuleDependencyCustomizer done
Event: 2347.059 loading class org/gradle/api/internal/artifacts/dependencies/DefaultExternalModuleDependency_DecoratedCustomizer
Event: 2347.059 loading class org/gradle/api/internal/artifacts/dependencies/DefaultExternalModuleDependency_DecoratedCustomizer done
Event: 2347.060 loading class org/gradle/api/internal/artifacts/dependencies/DefaultExternalModuleDependency_DecoratedCustomizer
Event: 2347.060 loading class org/gradle/api/internal/artifacts/dependencies/DefaultExternalModuleDependency_DecoratedCustomizer done
Event: 2347.060 loading class org/gradle/api/internal/artifacts/dependencies/DefaultExternalModuleDependency_DecoratedCustomizer
Event: 2347.060 loading class org/gradle/api/internal/artifacts/dependencies/DefaultExternalModuleDependency_DecoratedCustomizer done
Event: 2347.060 loading class org/gradle/api/internal/artifacts/dependencies/DefaultExternalModuleDependency_DecoratedCustomizer
Event: 2347.060 loading class org/gradle/api/internal/artifacts/dependencies/DefaultExternalModuleDependency_DecoratedCustomizer done
Event: 2347.063 loading class org/gradle/api/internal/artifacts/DefaultExcludeRule
Event: 2347.063 loading class org/gradle/api/internal/artifacts/DefaultExcludeRule done
Event: 2347.126 loading class org/codehaus/groovy/runtime/dgm$1301
Event: 2347.126 loading class org/codehaus/groovy/runtime/dgm$1301 done
Event: 2668.219 Executing VM operation: G1CollectForAllocation


Dynamic libraries:
0x00007ff77cdc0000 - 0x00007ff77cdcd000 	C:\Program Files\Microsoft\jdk-11.0.18.10-hotspot\bin\java.exe
0x00007ff9c1e70000 - 0x00007ff9c2068000 	C:\Windows\SYSTEM32\ntdll.dll
0x00007ff9c14e0000 - 0x00007ff9c159d000 	C:\Windows\System32\KERNEL32.DLL
0x00007ff9bf540000 - 0x00007ff9bf836000 	C:\Windows\System32\KERNELBASE.dll
0x00007ff9bfbe0000 - 0x00007ff9bfce0000 	C:\Windows\System32\ucrtbase.dll
0x00007ff9b89f0000 - 0x00007ff9b8a07000 	C:\Program Files\Microsoft\jdk-11.0.18.10-hotspot\bin\jli.dll
0x00007ff9c02e0000 - 0x00007ff9c047e000 	C:\Windows\System32\USER32.dll
0x00007ff9bf840000 - 0x00007ff9bf862000 	C:\Windows\System32\win32u.dll
0x00007ff9c14a0000 - 0x00007ff9c14cc000 	C:\Windows\System32\GDI32.dll
0x00007ff9bfd10000 - 0x00007ff9bfe2a000 	C:\Windows\System32\gdi32full.dll
0x00007ff9bfb40000 - 0x00007ff9bfbdd000 	C:\Windows\System32\msvcp_win.dll
0x00007ff9b8650000 - 0x00007ff9b8665000 	C:\Program Files\Microsoft\jdk-11.0.18.10-hotspot\bin\VCRUNTIME140.dll
0x00007ff9ad420000 - 0x00007ff9ad6ba000 	C:\Windows\WinSxS\amd64_microsoft.windows.common-controls_6595b64144ccf1df_6.0.19041.3636_none_60b6a03d71f818d5\COMCTL32.dll
0x00007ff9c0c40000 - 0x00007ff9c0cde000 	C:\Windows\System32\msvcrt.dll
0x00007ff9c19f0000 - 0x00007ff9c1a20000 	C:\Windows\System32\IMM32.DLL
0x00007ff984870000 - 0x00007ff98490b000 	C:\Program Files\Microsoft\jdk-11.0.18.10-hotspot\bin\msvcp140.dll
0x00007ff983320000 - 0x00007ff983eb2000 	C:\Program Files\Microsoft\jdk-11.0.18.10-hotspot\bin\server\jvm.dll
0x00007ff9c1d00000 - 0x00007ff9c1db3000 	C:\Windows\System32\ADVAPI32.dll
0x00007ff9c00d0000 - 0x00007ff9c016f000 	C:\Windows\System32\sechost.dll
0x00007ff9bfec0000 - 0x00007ff9bffe6000 	C:\Windows\System32\RPCRT4.dll
0x00007ff9bfce0000 - 0x00007ff9bfd07000 	C:\Windows\System32\bcrypt.dll
0x00007ff9c14d0000 - 0x00007ff9c14d8000 	C:\Windows\System32\PSAPI.DLL
0x00007ff9a6030000 - 0x00007ff9a6039000 	C:\Windows\SYSTEM32\WSOCK32.dll
0x00007ff9c1dc0000 - 0x00007ff9c1e2b000 	C:\Windows\System32\WS2_32.dll
0x00007ff9afda0000 - 0x00007ff9afdc7000 	C:\Windows\SYSTEM32\WINMM.dll
0x00007ff9b6c50000 - 0x00007ff9b6c5a000 	C:\Windows\SYSTEM32\VERSION.dll
0x00007ff9bdd40000 - 0x00007ff9bdd52000 	C:\Windows\SYSTEM32\kernel.appcore.dll
0x00007ff9babd0000 - 0x00007ff9babe0000 	C:\Program Files\Microsoft\jdk-11.0.18.10-hotspot\bin\verify.dll
0x00007ff9bda30000 - 0x00007ff9bdc14000 	C:\Windows\SYSTEM32\DBGHELP.DLL
0x00007ff99b040000 - 0x00007ff99b074000 	C:\Windows\SYSTEM32\dbgcore.DLL
0x00007ff9bfe30000 - 0x00007ff9bfeb2000 	C:\Windows\System32\bcryptPrimitives.dll
0x00007ff9aaa70000 - 0x00007ff9aaa98000 	C:\Program Files\Microsoft\jdk-11.0.18.10-hotspot\bin\java.dll
0x00007ff9baae0000 - 0x00007ff9baaea000 	C:\Program Files\Microsoft\jdk-11.0.18.10-hotspot\bin\jimage.dll
0x00007ff9a8370000 - 0x00007ff9a8388000 	C:\Program Files\Microsoft\jdk-11.0.18.10-hotspot\bin\zip.dll
0x00007ff9c0d50000 - 0x00007ff9c1495000 	C:\Windows\System32\SHELL32.dll
0x00007ff9bd290000 - 0x00007ff9bda2b000 	C:\Windows\SYSTEM32\windows.storage.dll
0x00007ff9c15a0000 - 0x00007ff9c18f4000 	C:\Windows\System32\combase.dll
0x00007ff9beea0000 - 0x00007ff9beecd000 	C:\Windows\SYSTEM32\Wldp.dll
0x00007ff9c0a80000 - 0x00007ff9c0b2d000 	C:\Windows\System32\SHCORE.dll
0x00007ff9c0200000 - 0x00007ff9c0255000 	C:\Windows\System32\shlwapi.dll
0x00007ff9bf470000 - 0x00007ff9bf495000 	C:\Windows\SYSTEM32\profapi.dll
0x00007ff9a6780000 - 0x00007ff9a6799000 	C:\Program Files\Microsoft\jdk-11.0.18.10-hotspot\bin\net.dll
0x00007ff9b4f90000 - 0x00007ff9b509a000 	C:\Windows\SYSTEM32\WINHTTP.dll
0x00007ff9bec00000 - 0x00007ff9bec6a000 	C:\Windows\system32\mswsock.dll
0x00007ff9a2f50000 - 0x00007ff9a2f63000 	C:\Program Files\Microsoft\jdk-11.0.18.10-hotspot\bin\nio.dll
0x00007ff9a2f20000 - 0x00007ff9a2f47000 	C:\Users\micro\.gradle\native\68d5fa5c4cc2d200863cafc0d521ce42e7d3e7ee720ec0a83991735586a16f82\windows-amd64\native-platform.dll
0x00007ff984f10000 - 0x00007ff985054000 	C:\Users\micro\.gradle\native\e376f236ea51e6404a007f0833ffe2c6e607c4080706a723a18a27aeea778392\windows-amd64\native-platform-file-events.dll
0x00007ff9b8a60000 - 0x00007ff9b8a69000 	C:\Program Files\Microsoft\jdk-11.0.18.10-hotspot\bin\management.dll
0x00007ff9b8a20000 - 0x00007ff9b8a2b000 	C:\Program Files\Microsoft\jdk-11.0.18.10-hotspot\bin\management_ext.dll
0x00007ff9bee00000 - 0x00007ff9bee18000 	C:\Windows\SYSTEM32\CRYPTSP.dll
0x00007ff9be530000 - 0x00007ff9be564000 	C:\Windows\system32\rsaenh.dll
0x00007ff9bf430000 - 0x00007ff9bf45e000 	C:\Windows\SYSTEM32\USERENV.dll
0x00007ff9bedf0000 - 0x00007ff9bedfc000 	C:\Windows\SYSTEM32\CRYPTBASE.dll
0x00007ff9be8f0000 - 0x00007ff9be92b000 	C:\Windows\SYSTEM32\IPHLPAPI.DLL
0x00007ff9c0d40000 - 0x00007ff9c0d48000 	C:\Windows\System32\NSI.dll
0x00007ff9b4d70000 - 0x00007ff9b4d87000 	C:\Windows\SYSTEM32\dhcpcsvc6.DLL
0x00007ff9b59d0000 - 0x00007ff9b59ed000 	C:\Windows\SYSTEM32\dhcpcsvc.DLL
0x00007ff9be930000 - 0x00007ff9be9fa000 	C:\Windows\SYSTEM32\DNSAPI.dll

dbghelp: loaded successfully - version: 4.0.5 - missing functions: none
symbol engine: initialized successfully - sym options: 0x614 - pdb path: .;C:\Program Files\Microsoft\jdk-11.0.18.10-hotspot\bin;C:\Windows\SYSTEM32;C:\Windows\WinSxS\amd64_microsoft.windows.common-controls_6595b64144ccf1df_6.0.19041.3636_none_60b6a03d71f818d5;C:\Program Files\Microsoft\jdk-11.0.18.10-hotspot\bin\server;C:\Users\micro\.gradle\native\68d5fa5c4cc2d200863cafc0d521ce42e7d3e7ee720ec0a83991735586a16f82\windows-amd64;C:\Users\micro\.gradle\native\e376f236ea51e6404a007f0833ffe2c6e607c4080706a723a18a27aeea778392\windows-amd64

VM Arguments:
jvm_args: -XX:MaxMetaspaceSize=512m --add-opens=java.base/java.util=ALL-UNNAMED --add-opens=java.base/java.lang=ALL-UNNAMED --add-opens=java.base/java.lang.invoke=ALL-UNNAMED --add-opens=java.prefs/java.util.prefs=ALL-UNNAMED --add-opens=java.base/java.nio.charset=ALL-UNNAMED --add-opens=java.base/java.net=ALL-UNNAMED --add-opens=java.base/java.util.concurrent.atomic=ALL-UNNAMED -Xmx2048m -Dfile.encoding=windows-1252 -Duser.country=IN -Duser.language=en -Duser.variant 
java_command: org.gradle.launcher.daemon.bootstrap.GradleDaemon 8.0.1
java_class_path (initial): C:\Users\micro\.gradle\wrapper\dists\gradle-8.0.1-all\aro4hu1c3oeioove7l0i4i14o\gradle-8.0.1\lib\gradle-launcher-8.0.1.jar
Launcher Type: SUN_STANDARD

[Global flags]
     intx CICompilerCount                          = 3                                         {product} {ergonomic}
   size_t CompressedClassSpaceSize                 = 528482304                                 {product} {ergonomic}
     uint ConcGCThreads                            = 1                                         {product} {ergonomic}
     uint G1ConcRefinementThreads                  = 4                                         {product} {ergonomic}
   size_t G1HeapRegionSize                         = 1048576                                   {product} {ergonomic}
    uintx GCDrainStackTargetSize                   = 64                                        {product} {ergonomic}
   size_t InitialHeapSize                          = 98566144                                  {product} {ergonomic}
   size_t MarkStackSize                            = 4194304                                   {product} {ergonomic}
   size_t MaxHeapSize                              = 2147483648                                {product} {command line}
   size_t MaxMetaspaceSize                         = 536870912                                 {product} {command line}
   size_t MaxNewSize                               = 1287651328                                {product} {ergonomic}
   size_t MinHeapDeltaBytes                        = 1048576                                   {product} {ergonomic}
    uintx NonNMethodCodeHeapSize                   = 5830732                                {pd product} {ergonomic}
    uintx NonProfiledCodeHeapSize                  = 122913754                              {pd product} {ergonomic}
    uintx ProfiledCodeHeapSize                     = 122913754                              {pd product} {ergonomic}
    uintx ReservedCodeCacheSize                    = 251658240                              {pd product} {ergonomic}
     bool SegmentedCodeCache                       = true                                      {product} {ergonomic}
     bool UseCompressedClassPointers               = true                                 {lp64_product} {ergonomic}
     bool UseCompressedOops                        = true                                 {lp64_product} {ergonomic}
     bool UseG1GC                                  = true                                      {product} {ergonomic}
     bool UseLargePagesIndividualAllocation        = false                                  {pd product} {ergonomic}

Logging:
Log output configuration:
 #0: stdout all=warning uptime,level,tags
 #1: stderr all=off uptime,level,tags

Environment Variables:
JAVA_HOME=C:\Program Files\Microsoft\jdk-11.0.18.10-hotspot\
CLASSPATH=F:\Owlok Technologies\Food and Delivery\apifoodA\FoodDelivery\android\\gradle\wrapper\gradle-wrapper.jar
PATH=F:\Owlok Technologies\Food and Delivery\apifoodA\FoodDelivery\node_modules\.bin;F:\Owlok Technologies\Food and Delivery\apifoodA\FoodDelivery\node_modules\.bin;F:\Owlok Technologies\Food and Delivery\apifoodA\node_modules\.bin;F:\Owlok Technologies\Food and Delivery\node_modules\.bin;F:\Owlok Technologies\node_modules\.bin;F:\node_modules\.bin;F:\Owlok Technologies\Food and Delivery\apifoodA\FoodDelivery\node_modules\npm\node_modules\@npmcli\run-script\lib\node-gyp-bin;F:\Owlok Technologies\Food and Delivery\apifoodA\FoodDelivery\node_modules\.bin;F:\Owlok Technologies\Food and Delivery\apifoodA\node_modules\.bin;F:\Owlok Technologies\Food and Delivery\node_modules\.bin;F:\Owlok Technologies\node_modules\.bin;F:\node_modules\.bin;C:\Users\micro\AppData\Roaming\npm\node_modules\npm\node_modules\@npmcli\run-script\lib\node-gyp-bin;C:\Python311\Scripts\;C:\Python311\;C:\Program Files\Microsoft\jdk-11.0.18.10-hotspot\bin;C:\Program Files (x86)\Common Files\Oracle\Java\javapath;C:\Windows\system32;C:\Windows;C:\Windows\System32\Wbem;C:\Windows\System32\WindowsPowerShell\v1.0\;C:\Windows\System32\OpenSSH\;C:\ProgramData\chocolatey\bin;C:\Program Files\Git\cmd;C:\Program Files\nodejs\;C:\Users\micro\AppData\Local\Microsoft\WindowsApps;C:\Users\micro\AppData\Local\Programs\Microsoft VS Code\bin;C:\Users\micro\AppData\Local\GitHubDesktop\bin;C:\Users\micro\AppData\Roaming\npm
USERNAME=micro
LANG=en_US.UTF-8
OS=Windows_NT
PROCESSOR_IDENTIFIER=Intel64 Family 6 Model 78 Stepping 3, GenuineIntel
TMP=C:\Users\micro\AppData\Local\Temp
TEMP=C:\Users\micro\AppData\Local\Temp



---------------  S Y S T E M  ---------------

OS: Windows 10 , 64 bit Build 19041 (10.0.19041.3636)
OS uptime: 0 days 9:34 hours

CPU:total 4 (initial active 4) (2 cores per cpu, 2 threads per core) family 6 model 78 stepping 3 microcode 0xcc, cmov, cx8, fxsr, mmx, sse, sse2, sse3, ssse3, sse4.1, sse4.2, popcnt, avx, avx2, aes, clmul, erms, 3dnowpref, lzcnt, ht, tsc, tscinvbit, bmi1, bmi2, adx, fma

Memory: 4k page, system-wide physical 5927M (75M free)
TotalPageFile size 24349M (AvailPageFile size 169M)
current process WorkingSet (physical memory assigned to process): 31M, peak: 295M
current process commit charge ("private bytes"): 509M, peak: 755M

vm_info: OpenJDK 64-Bit Server VM (11.0.18+10-LTS) for windows-amd64 JRE (11.0.18+10-LTS), built on Jan 18 2023 15:56:47 by "MicrosoftCorporation" with MS VC++ 15.9 (VS2017)

END.
